#
# There is insufficient memory for the Java Runtime Environment to continue.
# Native memory allocation (malloc) failed to allocate 1048576 bytes. Error detail: AllocateHeap
# Possible reasons:
#   The system is out of physical RAM or swap space
#   This process is running with CompressedOops enabled, and the Java Heap may be blocking the growth of the native heap
# Possible solutions:
#   Reduce memory load on the system
#   Increase physical memory or swap space
#   Check if swap backing store is full
#   Decrease Java heap size (-Xmx/-Xms)
#   Decrease number of Java threads
#   Decrease Java thread stack sizes (-Xss)
#   Set larger code cache with -XX:ReservedCodeCacheSize=
#   JVM is running with Unscaled Compressed Oops mode in which the Java heap is
#     placed in the first 4GB address space. The Java Heap base address is the
#     maximum limit for the native heap growth. Please use -XX:HeapBaseMinAddress
#     to set the Java Heap base and to place the Java Heap above 4GB virtual address.
# This output file may be truncated or incomplete.
#
#  Out of Memory Error (allocation.cpp:44), pid=21572, tid=21012
#
# JRE version: OpenJDK Runtime Environment Temurin-21.0.8+9 (21.0.8+9) (build 21.0.8+9-LTS)
# Java VM: OpenJDK 64-Bit Server VM Temurin-21.0.8+9 (21.0.8+9-LTS, mixed mode, sharing, tiered, compressed oops, compressed class ptrs, parallel gc, windows-amd64)
# No core dump will be written. Minidumps are not enabled by default on client versions of Windows
#

---------------  S U M M A R Y ------------

Command Line: --add-modules=ALL-SYSTEM --add-opens=java.base/java.util=ALL-UNNAMED --add-opens=java.base/java.lang=ALL-UNNAMED --add-opens=java.base/sun.nio.fs=ALL-UNNAMED -Declipse.application=org.eclipse.jdt.ls.core.id1 -Dosgi.bundles.defaultStartLevel=4 -Declipse.product=org.eclipse.jdt.ls.core.product -Djava.import.generatesMetadataFilesAtProjectRoot=false -DDetectVMInstallationsJob.disabled=true -Dfile.encoding=utf8 -XX:+UseParallelGC -XX:GCTimeRatio=4 -XX:AdaptiveSizePolicyWeight=90 -Dsun.zip.disableMemoryMapping=true -Xmx2G -Xms100m -Xlog:disable -javaagent:c:\Users\FEBINB\.vscode\extensions\redhat.java-1.44.0-win32-x64\lombok\lombok-1.18.39-4050.jar -XX:+HeapDumpOnOutOfMemoryError -XX:HeapDumpPath=c:\Users\FEBINB\AppData\Roaming\Code\User\workspaceStorage\5a5270dfa1e7b43c66347a87301abacd\redhat.java -Daether.dependencyCollector.impl=bf c:\Users\FEBINB\.vscode\extensions\redhat.java-1.44.0-win32-x64\server\plugins\org.eclipse.equinox.launcher_1.7.0.v20250519-0528.jar -configuration c:\Users\FEBINB\AppData\Roaming\Code\User\globalStorage\redhat.java\1.44.0\config_win -data c:\Users\FEBINB\AppData\Roaming\Code\User\workspaceStorage\5a5270dfa1e7b43c66347a87301abacd\redhat.java\jdt_ws --pipe=\\.\pipe\lsp-67cb0637542875f68d294ef852f5d3dd-sock

Host: AMD EPYC 7763 64-Core Processor                , 4 cores, 15G,  Windows 11 , 64 bit Build 26100 (10.0.26100.4768)
Time: Fri Aug 29 16:18:43 2025 Sri Lanka Standard Time elapsed time: 18493.965484 seconds (0d 5h 8m 13s)

---------------  T H R E A D  ---------------

Current thread (0x000001e3f966bb80):  JavaThread "Attach Listener" daemon [_thread_in_vm, id=21012, stack(0x0000006aa8400000,0x0000006aa8500000) (1024K)]

Stack: [0x0000006aa8400000,0x0000006aa8500000]
Native frames: (J=compiled Java code, j=interpreted, Vv=VM code, C=native code)
V  [jvm.dll+0x6d2449]
V  [jvm.dll+0x8ae341]
V  [jvm.dll+0x8b08be]
V  [jvm.dll+0x8b0fa3]
V  [jvm.dll+0x280c96]
V  [jvm.dll+0xc0347]
V  [jvm.dll+0x6d2cf9]
V  [jvm.dll+0x131116]
V  [jvm.dll+0x3f2d16]
V  [jvm.dll+0x857e6b]
V  [jvm.dll+0x6d0b0d]
C  [ucrtbase.dll+0x37b0]
C  [KERNEL32.DLL+0x2e8d7]
C  [ntdll.dll+0x3c34c]


---------------  P R O C E S S  ---------------

Threads class SMR info:
_java_thread_list=0x000001e3d94d3120, length=31, elements={
0x000001e3f73dbd20, 0x000001e3f982dcd0, 0x000001e3f9668030, 0x000001e3f966ab80,
0x000001e3f966bb80, 0x000001e3f966c7d0, 0x000001e3f966f230, 0x000001e3f9672070,
0x000001e3f96eb020, 0x000001e3f97e82e0, 0x000001e3fdf53580, 0x000001e3fe4589b0,
0x000001e3feab10f0, 0x000001e3fe74ba90, 0x000001e3fea74ca0, 0x000001e3fe605d10,
0x000001e3fe5e66a0, 0x000001e3fef166c0, 0x000001e3fef145f0, 0x000001e3fef13f60,
0x000001e3d881a610, 0x000001e3d881aca0, 0x000001e3d881b330, 0x000001e3d881b9c0,
0x000001e3d8818540, 0x000001e3d881e7b0, 0x000001e3d881ee40, 0x000001e3d881f4d0,
0x000001e3d881da90, 0x000001e3db00fa70, 0x000001e3db00f3e0
}

Java Threads: ( => current thread )
  0x000001e3f73dbd20 JavaThread "main"                              [_thread_blocked, id=21272, stack(0x0000006aa7d00000,0x0000006aa7e00000) (1024K)]
  0x000001e3f982dcd0 JavaThread "Reference Handler"          daemon [_thread_blocked, id=22852, stack(0x0000006aa8100000,0x0000006aa8200000) (1024K)]
  0x000001e3f9668030 JavaThread "Finalizer"                  daemon [_thread_blocked, id=19784, stack(0x0000006aa8200000,0x0000006aa8300000) (1024K)]
  0x000001e3f966ab80 JavaThread "Signal Dispatcher"          daemon [_thread_blocked, id=20248, stack(0x0000006aa8300000,0x0000006aa8400000) (1024K)]
=>0x000001e3f966bb80 JavaThread "Attach Listener"            daemon [_thread_in_vm, id=21012, stack(0x0000006aa8400000,0x0000006aa8500000) (1024K)]
  0x000001e3f966c7d0 JavaThread "Service Thread"             daemon [_thread_blocked, id=11440, stack(0x0000006aa8500000,0x0000006aa8600000) (1024K)]
  0x000001e3f966f230 JavaThread "Monitor Deflation Thread"   daemon [_thread_blocked, id=12824, stack(0x0000006aa8600000,0x0000006aa8700000) (1024K)]
  0x000001e3f9672070 JavaThread "C2 CompilerThread0"         daemon [_thread_blocked, id=22516, stack(0x0000006aa8700000,0x0000006aa8800000) (1024K)]
  0x000001e3f96eb020 JavaThread "C1 CompilerThread0"         daemon [_thread_blocked, id=12644, stack(0x0000006aa8800000,0x0000006aa8900000) (1024K)]
  0x000001e3f97e82e0 JavaThread "Common-Cleaner"             daemon [_thread_blocked, id=22360, stack(0x0000006aa8900000,0x0000006aa8a00000) (1024K)]
  0x000001e3fdf53580 JavaThread "Notification Thread"        daemon [_thread_blocked, id=6648, stack(0x0000006aa8a00000,0x0000006aa8b00000) (1024K)]
  0x000001e3fe4589b0 JavaThread "Active Thread: Equinox Container: a9b04a9a-e379-4ef6-abd7-191d32f64510"        [_thread_blocked, id=19264, stack(0x0000006aa8b00000,0x0000006aa8c00000) (1024K)]
  0x000001e3feab10f0 JavaThread "Refresh Thread: Equinox Container: a9b04a9a-e379-4ef6-abd7-191d32f64510" daemon [_thread_blocked, id=748, stack(0x0000006aa8f00000,0x0000006aa9000000) (1024K)]
  0x000001e3fe74ba90 JavaThread "Framework Event Dispatcher: Equinox Container: a9b04a9a-e379-4ef6-abd7-191d32f64510" daemon [_thread_blocked, id=9324, stack(0x0000006aa9000000,0x0000006aa9100000) (1024K)]
  0x000001e3fea74ca0 JavaThread "Start Level: Equinox Container: a9b04a9a-e379-4ef6-abd7-191d32f64510" daemon [_thread_blocked, id=9452, stack(0x0000006aa9100000,0x0000006aa9200000) (1024K)]
  0x000001e3fe605d10 JavaThread "Bundle File Closer"         daemon [_thread_blocked, id=13172, stack(0x0000006aa9200000,0x0000006aa9300000) (1024K)]
  0x000001e3fe5e66a0 JavaThread "SCR Component Actor"        daemon [_thread_blocked, id=16168, stack(0x0000006aa9300000,0x0000006aa9400000) (1024K)]
  0x000001e3fef166c0 JavaThread "Worker-JM"                         [_thread_blocked, id=9976, stack(0x0000006aa9600000,0x0000006aa9700000) (1024K)]
  0x000001e3fef145f0 JavaThread "JNA Cleaner"                daemon [_thread_blocked, id=6592, stack(0x0000006aa9500000,0x0000006aa9600000) (1024K)]
  0x000001e3fef13f60 JavaThread "Java indexing"              daemon [_thread_blocked, id=13352, stack(0x0000006aa9b00000,0x0000006aa9c00000) (1024K)]
  0x000001e3d881a610 JavaThread "Thread-2"                   daemon [_thread_in_native, id=5468, stack(0x0000006aaa300000,0x0000006aaa400000) (1024K)]
  0x000001e3d881aca0 JavaThread "Thread-3"                   daemon [_thread_in_native, id=14624, stack(0x0000006aaa400000,0x0000006aaa500000) (1024K)]
  0x000001e3d881b330 JavaThread "Thread-4"                   daemon [_thread_in_native, id=11932, stack(0x0000006aaa500000,0x0000006aaa600000) (1024K)]
  0x000001e3d881b9c0 JavaThread "Thread-5"                   daemon [_thread_in_native, id=8380, stack(0x0000006aaa600000,0x0000006aaa700000) (1024K)]
  0x000001e3d8818540 JavaThread "Thread-6"                   daemon [_thread_in_native, id=23604, stack(0x0000006aaa700000,0x0000006aaa800000) (1024K)]
  0x000001e3d881e7b0 JavaThread "pool-2-thread-1"                   [_thread_blocked, id=16844, stack(0x0000006aaa800000,0x0000006aaa900000) (1024K)]
  0x000001e3d881ee40 JavaThread "WorkspaceEventsHandler"            [_thread_blocked, id=10724, stack(0x0000006aaa900000,0x0000006aaaa00000) (1024K)]
  0x000001e3d881f4d0 JavaThread "pool-1-thread-1"                   [_thread_blocked, id=12620, stack(0x0000006aaaa00000,0x0000006aaab00000) (1024K)]
  0x000001e3d881da90 JavaThread "Timer-0"                           [_thread_blocked, id=15460, stack(0x0000006aaad00000,0x0000006aaae00000) (1024K)]
  0x000001e3db00fa70 JavaThread "Worker-8"                          [_thread_blocked, id=16380, stack(0x0000006aa7b00000,0x0000006aa7c00000) (1024K)]
  0x000001e3db00f3e0 JavaThread "Worker-9"                          [_thread_blocked, id=10628, stack(0x0000006aa9a00000,0x0000006aa9b00000) (1024K)]
Total: 31

Other Threads:
  0x000001e3f981b0d0 VMThread "VM Thread"                           [id=18580, stack(0x0000006aa8000000,0x0000006aa8100000) (1024K)]
  0x000001e3f95fba00 WatcherThread "VM Periodic Task Thread"        [id=11888, stack(0x0000006aa7f00000,0x0000006aa8000000) (1024K)]
  0x000001e3f9797b30 WorkerThread "GC Thread#0"                     [id=21848, stack(0x0000006aa7e00000,0x0000006aa7f00000) (1024K)]
  0x000001e3fe260d50 WorkerThread "GC Thread#1"                     [id=22776, stack(0x0000006aa8c00000,0x0000006aa8d00000) (1024K)]
  0x000001e3fe2610f0 WorkerThread "GC Thread#2"                     [id=20620, stack(0x0000006aa8d00000,0x0000006aa8e00000) (1024K)]
  0x000001e3fe0e7800 WorkerThread "GC Thread#3"                     [id=5124, stack(0x0000006aa8e00000,0x0000006aa8f00000) (1024K)]
Total: 6

Threads with active compile tasks:
Total: 0

VM state: not at safepoint (normal execution)

VM Mutex/Monitor currently owned by a thread: None

Heap address: 0x0000000080000000, size: 2048 MB, Compressed Oops mode: 32-bit

CDS archive(s) mapped at: [0x000001e393000000-0x000001e393ba0000-0x000001e393ba0000), size 12189696, SharedBaseAddress: 0x000001e393000000, ArchiveRelocationMode: 1.
Compressed class space mapped at: 0x000001e394000000-0x000001e3d4000000, reserved size: 1073741824
Narrow klass base: 0x000001e393000000, Narrow klass shift: 0, Narrow klass range: 0x100000000

GC Precious Log:
 CardTable entry size: 512
 CPUs: 4 total, 4 available
 Memory: 16332M
 Large Page Support: Disabled
 NUMA Support: Disabled
 Compressed Oops: Enabled (32-bit)
 Alignments: Space 512K, Generation 512K, Heap 2M
 Heap Min Capacity: 100M
 Heap Initial Capacity: 100M
 Heap Max Capacity: 2G
 Pre-touch: Disabled
 Parallel Workers: 4

Heap:
 PSYoungGen      total 2560K, used 233K [0x00000000d5580000, 0x00000000d5980000, 0x0000000100000000)
  eden space 2048K, 5% used [0x00000000d5580000,0x00000000d559a500,0x00000000d5780000)
  from space 512K, 25% used [0x00000000d5880000,0x00000000d58a0000,0x00000000d5900000)
  to   space 512K, 0% used [0x00000000d5900000,0x00000000d5900000,0x00000000d5980000)
 ParOldGen       total 888832K, used 888599K [0x0000000080000000, 0x00000000b6400000, 0x00000000d5580000)
  object space 888832K, 99% used [0x0000000080000000,0x00000000b63c5d88,0x00000000b6400000)
 Metaspace       used 77277K, committed 78848K, reserved 1179648K
  class space    used 8507K, committed 9216K, reserved 1048576K

Card table byte_map: [0x000001e3f9110000,0x000001e3f9520000] _byte_map_base: 0x000001e3f8d10000

Marking Bits: (ParMarkBitMap*) 0x00007ffe63d5a340
 Begin Bits: [0x000001e38f000000, 0x000001e391000000)
 End Bits:   [0x000001e391000000, 0x000001e393000000)

Polling page: 0x000001e3f74e0000

Metaspace:

Usage:
  Non-class:     67.16 MB used.
      Class:      8.31 MB used.
       Both:     75.47 MB used.

Virtual space:
  Non-class space:      128.00 MB reserved,      68.00 MB ( 53%) committed,  2 nodes.
      Class space:        1.00 GB reserved,       9.00 MB ( <1%) committed,  1 nodes.
             Both:        1.12 GB reserved,      77.00 MB (  7%) committed. 

Chunk freelists:
   Non-Class:  11.97 MB
       Class:  6.96 MB
        Both:  18.93 MB

MaxMetaspaceSize: unlimited
CompressedClassSpaceSize: 1.00 GB
Initial GC threshold: 21.00 MB
Current GC threshold: 124.00 MB
CDS: on
 - commit_granule_bytes: 65536.
 - commit_granule_words: 8192.
 - virtual_space_node_default_size: 8388608.
 - enlarge_chunks_in_place: 1.
 - use_allocation_guard: 0.


Internal statistics:

num_allocs_failed_limit: 13.
num_arena_births: 1314.
num_arena_deaths: 14.
num_vsnodes_births: 3.
num_vsnodes_deaths: 0.
num_space_committed: 1232.
num_space_uncommitted: 0.
num_chunks_returned_to_freelist: 27.
num_chunks_taken_from_freelist: 4670.
num_chunk_merges: 17.
num_chunk_splits: 2938.
num_chunks_enlarged: 1790.
num_inconsistent_stats: 0.

CodeHeap 'non-profiled nmethods': size=120000Kb used=14190Kb max_used=14190Kb free=105809Kb
 bounds [0x000001e387ad0000, 0x000001e3888b0000, 0x000001e38f000000]
CodeHeap 'profiled nmethods': size=120000Kb used=30062Kb max_used=30062Kb free=89937Kb
 bounds [0x000001e380000000, 0x000001e381d60000, 0x000001e387530000]
CodeHeap 'non-nmethods': size=5760Kb used=1482Kb max_used=1574Kb free=4277Kb
 bounds [0x000001e387530000, 0x000001e3877a0000, 0x000001e387ad0000]
CodeCache: size=245760Kb, used=45734Kb, max_used=45826Kb, free=200023Kb
 total_blobs=13656, nmethods=12855, adapters=704, full_count=0
Compilation: enabled, stopped_count=0, restarted_count=0

Compilation events (20 events):
Event: 13445.101 Thread 0x000001e3f9672070 15037       4       java.util.concurrent.ScheduledThreadPoolExecutor::canRunInCurrentRunState (61 bytes)
Event: 13445.104 Thread 0x000001e3f9672070 nmethod 15037 0x000001e3888aa290 code [0x000001e3888aa420, 0x000001e3888aa4f0]
Event: 14708.818 Thread 0x000001e3f96eb020 15038       3       java.util.concurrent.locks.AbstractQueuedSynchronizer::acquire (20 bytes)
Event: 14708.819 Thread 0x000001e3f96eb020 nmethod 15038 0x000001e381d59610 code [0x000001e381d597e0, 0x000001e381d59a50]
Event: 15092.834 Thread 0x000001e3f96eb020 15039 % !   3       java.util.TimerThread::mainLoop @ 0 (232 bytes)
Event: 15092.851 Thread 0x000001e3f96eb020 nmethod 15039% 0x000001e381d59b10 code [0x000001e381d59de0, 0x000001e381d5ad08]
Event: 15348.834 Thread 0x000001e3f96eb020 15040   !   3       java.util.TimerThread::mainLoop (232 bytes)
Event: 15348.836 Thread 0x000001e3f96eb020 nmethod 15040 0x000001e381d5b590 code [0x000001e381d5b840, 0x000001e381d5c680]
Event: 15353.996 Thread 0x000001e3f9672070 15041       4       jdk.internal.misc.InnocuousThread::eraseThreadLocals (23 bytes)
Event: 15353.998 Thread 0x000001e3f9672070 nmethod 15041 0x000001e3888aa610 code [0x000001e3888aa7a0, 0x000001e3888aa830]
Event: 16029.444 Thread 0x000001e3f9672070 15042       4       org.eclipse.core.internal.jobs.JobManager$$Lambda/0x000001e3941b06a8::applyAsLong (9 bytes)
Event: 16029.445 Thread 0x000001e3f9672070 nmethod 15042 0x000001e3888aa910 code [0x000001e3888aaaa0, 0x000001e3888aab98]
Event: 16029.446 Thread 0x000001e3f9672070 15043       4       java.util.concurrent.atomic.AtomicLong::weakCompareAndSetVolatile (13 bytes)
Event: 16029.446 Thread 0x000001e3f9672070 nmethod 15043 0x000001e3888aac90 code [0x000001e3888aae20, 0x000001e3888aaec0]
Event: 16209.474 Thread 0x000001e3f96eb020 15044       3       java.util.concurrent.atomic.AtomicLong::updateAndGet (59 bytes)
Event: 16209.492 Thread 0x000001e3f96eb020 nmethod 15044 0x000001e381d5ce90 code [0x000001e381d5d080, 0x000001e381d5d588]
Event: 17019.490 Thread 0x000001e3f9672070 15045       4       java.util.concurrent.TimeUnit::convert (73 bytes)
Event: 17019.497 Thread 0x000001e3f9672070 nmethod 15045 0x000001e3888aaf90 code [0x000001e3888ab140, 0x000001e3888ab2d0]
Event: 17700.290 Thread 0x000001e3f9672070 15046   !   4       java.util.concurrent.locks.LockSupport::parkNanos (56 bytes)
Event: 17700.302 Thread 0x000001e3f9672070 nmethod 15046 0x000001e3888ab410 code [0x000001e3888ab5c0, 0x000001e3888ab738]

GC Heap History (20 events):
Event: 4142.967 GC heap before
{Heap before GC invocations=1741 (full 4):
 PSYoungGen      total 4096K, used 4096K [0x00000000d5580000, 0x00000000d6000000, 0x0000000100000000)
  eden space 2048K, 100% used [0x00000000d5580000,0x00000000d5780000,0x00000000d5780000)
  from space 2048K, 100% used [0x00000000d5780000,0x00000000d5980000,0x00000000d5980000)
  to   space 4096K, 0% used [0x00000000d5c00000,0x00000000d5c00000,0x00000000d6000000)
 ParOldGen       total 879104K, used 878957K [0x0000000080000000, 0x00000000b5a80000, 0x00000000d5580000)
  object space 879104K, 99% used [0x0000000080000000,0x00000000b5a5b720,0x00000000b5a80000)
 Metaspace       used 77180K, committed 78784K, reserved 1179648K
  class space    used 8507K, committed 9216K, reserved 1048576K
}
Event: 4142.974 GC heap after
{Heap after GC invocations=1741 (full 4):
 PSYoungGen      total 4608K, used 1820K [0x00000000d5580000, 0x00000000d5e00000, 0x0000000100000000)
  eden space 2560K, 0% used [0x00000000d5580000,0x00000000d5580000,0x00000000d5800000)
  from space 2048K, 88% used [0x00000000d5c00000,0x00000000d5dc7000,0x00000000d5e00000)
  to   space 2560K, 0% used [0x00000000d5900000,0x00000000d5900000,0x00000000d5b80000)
 ParOldGen       total 881152K, used 880997K [0x0000000080000000, 0x00000000b5c80000, 0x00000000d5580000)
  object space 881152K, 99% used [0x0000000080000000,0x00000000b5c59720,0x00000000b5c80000)
 Metaspace       used 77180K, committed 78784K, reserved 1179648K
  class space    used 8507K, committed 9216K, reserved 1048576K
}
Event: 4142.994 GC heap before
{Heap before GC invocations=1742 (full 4):
 PSYoungGen      total 4608K, used 4380K [0x00000000d5580000, 0x00000000d5e00000, 0x0000000100000000)
  eden space 2560K, 100% used [0x00000000d5580000,0x00000000d5800000,0x00000000d5800000)
  from space 2048K, 88% used [0x00000000d5c00000,0x00000000d5dc7000,0x00000000d5e00000)
  to   space 2560K, 0% used [0x00000000d5900000,0x00000000d5900000,0x00000000d5b80000)
 ParOldGen       total 881152K, used 880997K [0x0000000080000000, 0x00000000b5c80000, 0x00000000d5580000)
  object space 881152K, 99% used [0x0000000080000000,0x00000000b5c59720,0x00000000b5c80000)
 Metaspace       used 77180K, committed 78784K, reserved 1179648K
  class space    used 8507K, committed 9216K, reserved 1048576K
}
Event: 4143.003 GC heap after
{Heap after GC invocations=1742 (full 4):
 PSYoungGen      total 5632K, used 2064K [0x00000000d5580000, 0x00000000d5d80000, 0x0000000100000000)
  eden space 3072K, 0% used [0x00000000d5580000,0x00000000d5580000,0x00000000d5880000)
  from space 2560K, 80% used [0x00000000d5900000,0x00000000d5b04000,0x00000000d5b80000)
  to   space 2048K, 0% used [0x00000000d5b80000,0x00000000d5b80000,0x00000000d5d80000)
 ParOldGen       total 882688K, used 882549K [0x0000000080000000, 0x00000000b5e00000, 0x00000000d5580000)
  object space 882688K, 99% used [0x0000000080000000,0x00000000b5ddd720,0x00000000b5e00000)
 Metaspace       used 77180K, committed 78784K, reserved 1179648K
  class space    used 8507K, committed 9216K, reserved 1048576K
}
Event: 4143.458 GC heap before
{Heap before GC invocations=1743 (full 4):
 PSYoungGen      total 5632K, used 5136K [0x00000000d5580000, 0x00000000d5d80000, 0x0000000100000000)
  eden space 3072K, 100% used [0x00000000d5580000,0x00000000d5880000,0x00000000d5880000)
  from space 2560K, 80% used [0x00000000d5900000,0x00000000d5b04000,0x00000000d5b80000)
  to   space 2048K, 0% used [0x00000000d5b80000,0x00000000d5b80000,0x00000000d5d80000)
 ParOldGen       total 882688K, used 882549K [0x0000000080000000, 0x00000000b5e00000, 0x00000000d5580000)
  object space 882688K, 99% used [0x0000000080000000,0x00000000b5ddd720,0x00000000b5e00000)
 Metaspace       used 77180K, committed 78784K, reserved 1179648K
  class space    used 8507K, committed 9216K, reserved 1048576K
}
Event: 4143.464 GC heap after
{Heap after GC invocations=1743 (full 4):
 PSYoungGen      total 3584K, used 2048K [0x00000000d5580000, 0x00000000d6280000, 0x0000000100000000)
  eden space 1536K, 0% used [0x00000000d5580000,0x00000000d5580000,0x00000000d5700000)
  from space 2048K, 100% used [0x00000000d5b80000,0x00000000d5d80000,0x00000000d5d80000)
  to   space 4608K, 0% used [0x00000000d5700000,0x00000000d5700000,0x00000000d5b80000)
 ParOldGen       total 884736K, used 884613K [0x0000000080000000, 0x00000000b6000000, 0x00000000d5580000)
  object space 884736K, 99% used [0x0000000080000000,0x00000000b5fe1720,0x00000000b6000000)
 Metaspace       used 77180K, committed 78784K, reserved 1179648K
  class space    used 8507K, committed 9216K, reserved 1048576K
}
Event: 4144.322 GC heap before
{Heap before GC invocations=1744 (full 4):
 PSYoungGen      total 3584K, used 3584K [0x00000000d5580000, 0x00000000d6280000, 0x0000000100000000)
  eden space 1536K, 100% used [0x00000000d5580000,0x00000000d5700000,0x00000000d5700000)
  from space 2048K, 100% used [0x00000000d5b80000,0x00000000d5d80000,0x00000000d5d80000)
  to   space 4608K, 0% used [0x00000000d5700000,0x00000000d5700000,0x00000000d5b80000)
 ParOldGen       total 884736K, used 884613K [0x0000000080000000, 0x00000000b6000000, 0x00000000d5580000)
  object space 884736K, 99% used [0x0000000080000000,0x00000000b5fe1720,0x00000000b6000000)
 Metaspace       used 77185K, committed 78784K, reserved 1179648K
  class space    used 8507K, committed 9216K, reserved 1048576K
}
Event: 4144.327 GC heap after
{Heap after GC invocations=1744 (full 4):
 PSYoungGen      total 2560K, used 960K [0x00000000d5580000, 0x00000000d5c00000, 0x0000000100000000)
  eden space 1536K, 0% used [0x00000000d5580000,0x00000000d5580000,0x00000000d5700000)
  from space 1024K, 93% used [0x00000000d5700000,0x00000000d57f0000,0x00000000d5800000)
  to   space 2560K, 0% used [0x00000000d5980000,0x00000000d5980000,0x00000000d5c00000)
 ParOldGen       total 886784K, used 886677K [0x0000000080000000, 0x00000000b6200000, 0x00000000d5580000)
  object space 886784K, 99% used [0x0000000080000000,0x00000000b61e5720,0x00000000b6200000)
 Metaspace       used 77185K, committed 78784K, reserved 1179648K
  class space    used 8507K, committed 9216K, reserved 1048576K
}
Event: 4144.336 GC heap before
{Heap before GC invocations=1745 (full 4):
 PSYoungGen      total 2560K, used 2496K [0x00000000d5580000, 0x00000000d5c00000, 0x0000000100000000)
  eden space 1536K, 100% used [0x00000000d5580000,0x00000000d5700000,0x00000000d5700000)
  from space 1024K, 93% used [0x00000000d5700000,0x00000000d57f0000,0x00000000d5800000)
  to   space 2560K, 0% used [0x00000000d5980000,0x00000000d5980000,0x00000000d5c00000)
 ParOldGen       total 886784K, used 886677K [0x0000000080000000, 0x00000000b6200000, 0x00000000d5580000)
  object space 886784K, 99% used [0x0000000080000000,0x00000000b61e5720,0x00000000b6200000)
 Metaspace       used 77191K, committed 78784K, reserved 1179648K
  class space    used 8507K, committed 9216K, reserved 1048576K
}
Event: 4144.341 GC heap after
{Heap after GC invocations=1745 (full 4):
 PSYoungGen      total 3072K, used 672K [0x00000000d5580000, 0x00000000d5a80000, 0x0000000100000000)
  eden space 2048K, 0% used [0x00000000d5580000,0x00000000d5580000,0x00000000d5780000)
  from space 1024K, 65% used [0x00000000d5980000,0x00000000d5a28000,0x00000000d5a80000)
  to   space 1024K, 0% used [0x00000000d5880000,0x00000000d5880000,0x00000000d5980000)
 ParOldGen       total 887808K, used 887569K [0x0000000080000000, 0x00000000b6300000, 0x00000000d5580000)
  object space 887808K, 99% used [0x0000000080000000,0x00000000b62c4780,0x00000000b6300000)
 Metaspace       used 77191K, committed 78784K, reserved 1179648K
  class space    used 8507K, committed 9216K, reserved 1048576K
}
Event: 4393.684 GC heap before
{Heap before GC invocations=1746 (full 4):
 PSYoungGen      total 3072K, used 2718K [0x00000000d5580000, 0x00000000d5a80000, 0x0000000100000000)
  eden space 2048K, 99% used [0x00000000d5580000,0x00000000d577fa20,0x00000000d5780000)
  from space 1024K, 65% used [0x00000000d5980000,0x00000000d5a28000,0x00000000d5a80000)
  to   space 1024K, 0% used [0x00000000d5880000,0x00000000d5880000,0x00000000d5980000)
 ParOldGen       total 887808K, used 887569K [0x0000000080000000, 0x00000000b6300000, 0x00000000d5580000)
  object space 887808K, 99% used [0x0000000080000000,0x00000000b62c4780,0x00000000b6300000)
 Metaspace       used 77218K, committed 78784K, reserved 1179648K
  class space    used 8507K, committed 9216K, reserved 1048576K
}
Event: 4393.687 GC heap after
{Heap after GC invocations=1746 (full 4):
 PSYoungGen      total 2560K, used 416K [0x00000000d5580000, 0x00000000d5a00000, 0x0000000100000000)
  eden space 2048K, 0% used [0x00000000d5580000,0x00000000d5580000,0x00000000d5780000)
  from space 512K, 81% used [0x00000000d5880000,0x00000000d58e8000,0x00000000d5900000)
  to   space 1024K, 0% used [0x00000000d5900000,0x00000000d5900000,0x00000000d5a00000)
 ParOldGen       total 888320K, used 888193K [0x0000000080000000, 0x00000000b6380000, 0x00000000d5580000)
  object space 888320K, 99% used [0x0000000080000000,0x00000000b63607b0,0x00000000b6380000)
 Metaspace       used 77218K, committed 78784K, reserved 1179648K
  class space    used 8507K, committed 9216K, reserved 1048576K
}
Event: 4464.876 GC heap before
{Heap before GC invocations=1747 (full 4):
 PSYoungGen      total 2560K, used 2464K [0x00000000d5580000, 0x00000000d5a00000, 0x0000000100000000)
  eden space 2048K, 100% used [0x00000000d5580000,0x00000000d5780000,0x00000000d5780000)
  from space 512K, 81% used [0x00000000d5880000,0x00000000d58e8000,0x00000000d5900000)
  to   space 1024K, 0% used [0x00000000d5900000,0x00000000d5900000,0x00000000d5a00000)
 ParOldGen       total 888320K, used 888193K [0x0000000080000000, 0x00000000b6380000, 0x00000000d5580000)
  object space 888320K, 99% used [0x0000000080000000,0x00000000b63607b0,0x00000000b6380000)
 Metaspace       used 77230K, committed 78784K, reserved 1179648K
  class space    used 8507K, committed 9216K, reserved 1048576K
}
Event: 4464.879 GC heap after
{Heap after GC invocations=1747 (full 4):
 PSYoungGen      total 2560K, used 96K [0x00000000d5580000, 0x00000000d5980000, 0x0000000100000000)
  eden space 2048K, 0% used [0x00000000d5580000,0x00000000d5580000,0x00000000d5780000)
  from space 512K, 18% used [0x00000000d5900000,0x00000000d5918000,0x00000000d5980000)
  to   space 512K, 0% used [0x00000000d5880000,0x00000000d5880000,0x00000000d5900000)
 ParOldGen       total 888832K, used 888551K [0x0000000080000000, 0x00000000b6400000, 0x00000000d5580000)
  object space 888832K, 99% used [0x0000000080000000,0x00000000b63b9d88,0x00000000b6400000)
 Metaspace       used 77230K, committed 78784K, reserved 1179648K
  class space    used 8507K, committed 9216K, reserved 1048576K
}
Event: 4955.932 GC heap before
{Heap before GC invocations=1748 (full 4):
 PSYoungGen      total 2560K, used 2144K [0x00000000d5580000, 0x00000000d5980000, 0x0000000100000000)
  eden space 2048K, 100% used [0x00000000d5580000,0x00000000d5780000,0x00000000d5780000)
  from space 512K, 18% used [0x00000000d5900000,0x00000000d5918000,0x00000000d5980000)
  to   space 512K, 0% used [0x00000000d5880000,0x00000000d5880000,0x00000000d5900000)
 ParOldGen       total 888832K, used 888551K [0x0000000080000000, 0x00000000b6400000, 0x00000000d5580000)
  object space 888832K, 99% used [0x0000000080000000,0x00000000b63b9d88,0x00000000b6400000)
 Metaspace       used 77230K, committed 78784K, reserved 1179648K
  class space    used 8507K, committed 9216K, reserved 1048576K
}
Event: 4955.936 GC heap after
{Heap after GC invocations=1748 (full 4):
 PSYoungGen      total 2560K, used 96K [0x00000000d5580000, 0x00000000d5980000, 0x0000000100000000)
  eden space 2048K, 0% used [0x00000000d5580000,0x00000000d5580000,0x00000000d5780000)
  from space 512K, 18% used [0x00000000d5880000,0x00000000d5898000,0x00000000d5900000)
  to   space 512K, 0% used [0x00000000d5900000,0x00000000d5900000,0x00000000d5980000)
 ParOldGen       total 888832K, used 888575K [0x0000000080000000, 0x00000000b6400000, 0x00000000d5580000)
  object space 888832K, 99% used [0x0000000080000000,0x00000000b63bfd88,0x00000000b6400000)
 Metaspace       used 77230K, committed 78784K, reserved 1179648K
  class space    used 8507K, committed 9216K, reserved 1048576K
}
Event: 6231.662 GC heap before
{Heap before GC invocations=1749 (full 4):
 PSYoungGen      total 2560K, used 2140K [0x00000000d5580000, 0x00000000d5980000, 0x0000000100000000)
  eden space 2048K, 99% used [0x00000000d5580000,0x00000000d577f1e8,0x00000000d5780000)
  from space 512K, 18% used [0x00000000d5880000,0x00000000d5898000,0x00000000d5900000)
  to   space 512K, 0% used [0x00000000d5900000,0x00000000d5900000,0x00000000d5980000)
 ParOldGen       total 888832K, used 888575K [0x0000000080000000, 0x00000000b6400000, 0x00000000d5580000)
  object space 888832K, 99% used [0x0000000080000000,0x00000000b63bfd88,0x00000000b6400000)
 Metaspace       used 77243K, committed 78848K, reserved 1179648K
  class space    used 8507K, committed 9216K, reserved 1048576K
}
Event: 6231.666 GC heap after
{Heap after GC invocations=1749 (full 4):
 PSYoungGen      total 2560K, used 128K [0x00000000d5580000, 0x00000000d5980000, 0x0000000100000000)
  eden space 2048K, 0% used [0x00000000d5580000,0x00000000d5580000,0x00000000d5780000)
  from space 512K, 25% used [0x00000000d5900000,0x00000000d5920000,0x00000000d5980000)
  to   space 512K, 0% used [0x00000000d5880000,0x00000000d5880000,0x00000000d5900000)
 ParOldGen       total 888832K, used 888575K [0x0000000080000000, 0x00000000b6400000, 0x00000000d5580000)
  object space 888832K, 99% used [0x0000000080000000,0x00000000b63bfd88,0x00000000b6400000)
 Metaspace       used 77243K, committed 78848K, reserved 1179648K
  class space    used 8507K, committed 9216K, reserved 1048576K
}
Event: 18309.430 GC heap before
{Heap before GC invocations=1750 (full 4):
 PSYoungGen      total 2560K, used 2174K [0x00000000d5580000, 0x00000000d5980000, 0x0000000100000000)
  eden space 2048K, 99% used [0x00000000d5580000,0x00000000d577f880,0x00000000d5780000)
  from space 512K, 25% used [0x00000000d5900000,0x00000000d5920000,0x00000000d5980000)
  to   space 512K, 0% used [0x00000000d5880000,0x00000000d5880000,0x00000000d5900000)
 ParOldGen       total 888832K, used 888575K [0x0000000080000000, 0x00000000b6400000, 0x00000000d5580000)
  object space 888832K, 99% used [0x0000000080000000,0x00000000b63bfd88,0x00000000b6400000)
 Metaspace       used 77277K, committed 78848K, reserved 1179648K
  class space    used 8507K, committed 9216K, reserved 1048576K
}
Event: 18309.666 GC heap after
{Heap after GC invocations=1750 (full 4):
 PSYoungGen      total 2560K, used 128K [0x00000000d5580000, 0x00000000d5980000, 0x0000000100000000)
  eden space 2048K, 0% used [0x00000000d5580000,0x00000000d5580000,0x00000000d5780000)
  from space 512K, 25% used [0x00000000d5880000,0x00000000d58a0000,0x00000000d5900000)
  to   space 512K, 0% used [0x00000000d5900000,0x00000000d5900000,0x00000000d5980000)
 ParOldGen       total 888832K, used 888599K [0x0000000080000000, 0x00000000b6400000, 0x00000000d5580000)
  object space 888832K, 99% used [0x0000000080000000,0x00000000b63c5d88,0x00000000b6400000)
 Metaspace       used 77277K, committed 78848K, reserved 1179648K
  class space    used 8507K, committed 9216K, reserved 1048576K
}

Dll operation events (15 events):
Event: 0.044 Loaded shared library c:\Users\FEBINB\.vscode\extensions\redhat.java-1.44.0-win32-x64\jre\21.0.8-win32-x86_64\bin\java.dll
Event: 0.316 Loaded shared library c:\Users\FEBINB\.vscode\extensions\redhat.java-1.44.0-win32-x64\jre\21.0.8-win32-x86_64\bin\zip.dll
Event: 0.361 Loaded shared library C:\Users\FEBINB\.vscode\extensions\redhat.java-1.44.0-win32-x64\jre\21.0.8-win32-x86_64\bin\instrument.dll
Event: 0.370 Loaded shared library C:\Users\FEBINB\.vscode\extensions\redhat.java-1.44.0-win32-x64\jre\21.0.8-win32-x86_64\bin\net.dll
Event: 0.376 Loaded shared library C:\Users\FEBINB\.vscode\extensions\redhat.java-1.44.0-win32-x64\jre\21.0.8-win32-x86_64\bin\nio.dll
Event: 0.384 Loaded shared library C:\Users\FEBINB\.vscode\extensions\redhat.java-1.44.0-win32-x64\jre\21.0.8-win32-x86_64\bin\zip.dll
Event: 0.580 Loaded shared library C:\Users\FEBINB\.vscode\extensions\redhat.java-1.44.0-win32-x64\jre\21.0.8-win32-x86_64\bin\jimage.dll
Event: 0.957 Loaded shared library c:\Users\FEBINB\.vscode\extensions\redhat.java-1.44.0-win32-x64\jre\21.0.8-win32-x86_64\bin\verify.dll
Event: 4.375 Loaded shared library C:\Users\FEBINB\AppData\Roaming\Code\User\globalStorage\redhat.java\1.44.0\config_win\org.eclipse.equinox.launcher\org.eclipse.equinox.launcher.win32.win32.x86_64_1.2.1400.v20250730-1736\eclipse_11913.dll
Event: 8.161 Loaded shared library C:\Users\FEBINB\AppData\Local\Temp\jna-2069802362\jna13199687560560313548.dll
Event: 11.402 Loaded shared library C:\Users\FEBINB\.vscode\extensions\redhat.java-1.44.0-win32-x64\jre\21.0.8-win32-x86_64\bin\sunmscapi.dll
Event: 12.490 Loaded shared library C:\Users\FEBINB\.vscode\extensions\redhat.java-1.44.0-win32-x64\jre\21.0.8-win32-x86_64\bin\extnet.dll
Event: 18.654 Loaded shared library C:\Users\FEBINB\.gradle\native\c067742578af261105cb4f569cf0c3c89f3d7b1fecec35dd04571415982c5e48\windows-amd64\native-platform.dll
Event: 21.993 Loaded shared library C:\Users\FEBINB\.vscode\extensions\redhat.java-1.44.0-win32-x64\jre\21.0.8-win32-x86_64\bin\management.dll
Event: 21.999 Loaded shared library C:\Users\FEBINB\.vscode\extensions\redhat.java-1.44.0-win32-x64\jre\21.0.8-win32-x86_64\bin\management_ext.dll

Deoptimization events (20 events):
Event: 4140.147 Thread 0x000001e3db00e6c0 Uncommon trap: trap_request=0xffffffbe fr.pc=0x000001e3887b1df4 relative=0x0000000000000254
Event: 4140.147 Thread 0x000001e3db00e6c0 Uncommon trap: reason=profile_predicate action=maybe_recompile pc=0x000001e3887b1df4 method=java.util.Arrays.fill([Ljava/lang/Object;Ljava/lang/Object;)V @ 5 c2
Event: 4140.147 Thread 0x000001e3db00e6c0 DEOPT PACKING pc=0x000001e3887b1df4 sp=0x0000006aa97fedb0
Event: 4140.147 Thread 0x000001e3db00e6c0 DEOPT UNPACKING pc=0x000001e387583aa2 sp=0x0000006aa97fed88 mode 2
Event: 4140.148 Thread 0x000001e3db00e6c0 Uncommon trap: trap_request=0xffffffd6 fr.pc=0x000001e38880d9e0 relative=0x00000000000001c0
Event: 4140.148 Thread 0x000001e3db00e6c0 Uncommon trap: reason=array_check action=maybe_recompile pc=0x000001e38880d9e0 method=java.util.Arrays.fill([Ljava/lang/Object;Ljava/lang/Object;)V @ 13 c2
Event: 4140.148 Thread 0x000001e3db00e6c0 DEOPT PACKING pc=0x000001e38880d9e0 sp=0x0000006aa97fedd0
Event: 4140.148 Thread 0x000001e3db00e6c0 DEOPT UNPACKING pc=0x000001e387583aa2 sp=0x0000006aa97fed70 mode 2
Event: 4140.390 Thread 0x000001e3db00f3e0 Uncommon trap: trap_request=0xffffffd6 fr.pc=0x000001e38880d9e0 relative=0x00000000000001c0
Event: 4140.390 Thread 0x000001e3db00f3e0 Uncommon trap: reason=array_check action=maybe_recompile pc=0x000001e38880d9e0 method=java.util.Arrays.fill([Ljava/lang/Object;Ljava/lang/Object;)V @ 13 c2
Event: 4140.390 Thread 0x000001e3db00f3e0 DEOPT PACKING pc=0x000001e38880d9e0 sp=0x0000006aa9afe1c0
Event: 4140.390 Thread 0x000001e3db00f3e0 DEOPT UNPACKING pc=0x000001e387583aa2 sp=0x0000006aa9afe160 mode 2
Event: 4144.347 Thread 0x000001e3fef13f60 Uncommon trap: trap_request=0xffffff45 fr.pc=0x000001e38814098c relative=0x000000000000052c
Event: 4144.347 Thread 0x000001e3fef13f60 Uncommon trap: reason=unstable_if action=reinterpret pc=0x000001e38814098c method=org.eclipse.jdt.internal.core.search.matching.TypeDeclarationPattern.createIndexKey(I[C[C[[CZ)[C @ 85 c2
Event: 4144.347 Thread 0x000001e3fef13f60 DEOPT PACKING pc=0x000001e38814098c sp=0x0000006aa9bfeba0
Event: 4144.347 Thread 0x000001e3fef13f60 DEOPT UNPACKING pc=0x000001e387583aa2 sp=0x0000006aa9bfeb40 mode 2
Event: 15009.429 Thread 0x000001e3db00f3e0 Uncommon trap: trap_request=0xffffff45 fr.pc=0x000001e3888a9dcc relative=0x000000000000012c
Event: 15009.429 Thread 0x000001e3db00f3e0 Uncommon trap: reason=unstable_if action=reinterpret pc=0x000001e3888a9dcc method=java.util.concurrent.atomic.AtomicLong.updateAndGet(Ljava/util/function/LongUnaryOperator;)J @ 32 c2
Event: 15009.429 Thread 0x000001e3db00f3e0 DEOPT PACKING pc=0x000001e3888a9dcc sp=0x0000006aa9afef90
Event: 15009.432 Thread 0x000001e3db00f3e0 DEOPT UNPACKING pc=0x000001e387583aa2 sp=0x0000006aa9afef28 mode 2

Classes loaded (20 events):
Event: 70.805 Loading class java/util/concurrent/CompletableFuture$UniExceptionally
Event: 70.805 Loading class java/util/concurrent/CompletableFuture$UniExceptionally done
Event: 311.506 Loading class java/util/stream/Nodes$CollectorTask$OfRef
Event: 311.581 Loading class java/util/stream/Nodes$CollectorTask
Event: 311.581 Loading class java/util/stream/Nodes$CollectorTask done
Event: 311.581 Loading class java/util/stream/Nodes$CollectorTask$OfRef done
Event: 311.588 Loading class java/util/function/LongFunction
Event: 311.588 Loading class java/util/function/LongFunction done
Event: 311.588 Loading class java/util/stream/Nodes$ConcNode
Event: 311.589 Loading class java/util/stream/Nodes$AbstractConcNode
Event: 311.589 Loading class java/util/stream/Nodes$AbstractConcNode done
Event: 311.589 Loading class java/util/stream/Nodes$ConcNode done
Event: 311.704 Loading class java/io/ObjectOutputStream$BlockDataOutputStream
Event: 311.704 Loading class java/io/ObjectOutputStream$BlockDataOutputStream done
Event: 311.705 Loading class java/io/ObjectOutputStream$HandleTable
Event: 311.705 Loading class java/io/ObjectOutputStream$HandleTable done
Event: 311.705 Loading class java/io/ObjectOutputStream$ReplaceTable
Event: 311.705 Loading class java/io/ObjectOutputStream$ReplaceTable done
Event: 3467.337 Loading class java/lang/UnsupportedClassVersionError
Event: 3467.338 Loading class java/lang/UnsupportedClassVersionError done

Classes unloaded (7 events):
Event: 9.391 Thread 0x000001e3f981b0d0 Unloading class 0x000001e3941a8800 'java/lang/invoke/LambdaForm$MH+0x000001e3941a8800'
Event: 9.391 Thread 0x000001e3f981b0d0 Unloading class 0x000001e3941a8400 'java/lang/invoke/LambdaForm$MH+0x000001e3941a8400'
Event: 9.391 Thread 0x000001e3f981b0d0 Unloading class 0x000001e3941a8000 'java/lang/invoke/LambdaForm$MH+0x000001e3941a8000'
Event: 9.391 Thread 0x000001e3f981b0d0 Unloading class 0x000001e3941a7c00 'java/lang/invoke/LambdaForm$MH+0x000001e3941a7c00'
Event: 9.391 Thread 0x000001e3f981b0d0 Unloading class 0x000001e3941a7800 'java/lang/invoke/LambdaForm$BMH+0x000001e3941a7800'
Event: 9.391 Thread 0x000001e3f981b0d0 Unloading class 0x000001e3941a7400 'java/lang/invoke/LambdaForm$DMH+0x000001e3941a7400'
Event: 9.391 Thread 0x000001e3f981b0d0 Unloading class 0x000001e3941a6000 'java/lang/invoke/LambdaForm$DMH+0x000001e3941a6000'

Classes redefined (0 events):
No events

Internal exceptions (20 events):
Event: 3470.553 Thread 0x000001e3d881ee40 Exception <a 'sun/nio/fs/WindowsException'{0x00000000d5aef1e8}> (0x00000000d5aef1e8) 
thrown [s\src\hotspot\share\prims\jni.cpp, line 520]
Event: 3470.709 Thread 0x000001e3d881ee40 Exception <a 'sun/nio/fs/WindowsException'{0x00000000d594a000}> (0x00000000d594a000) 
thrown [s\src\hotspot\share\prims\jni.cpp, line 520]
Event: 3470.808 Thread 0x000001e3d881ee40 Exception <a 'sun/nio/fs/WindowsException'{0x00000000d55ba430}> (0x00000000d55ba430) 
thrown [s\src\hotspot\share\prims\jni.cpp, line 520]
Event: 3471.042 Thread 0x000001e3d881ee40 Exception <a 'sun/nio/fs/WindowsException'{0x00000000d56d1748}> (0x00000000d56d1748) 
thrown [s\src\hotspot\share\prims\jni.cpp, line 520]
Event: 3471.116 Thread 0x000001e3d881ee40 Exception <a 'sun/nio/fs/WindowsException'{0x00000000d5a1fb58}> (0x00000000d5a1fb58) 
thrown [s\src\hotspot\share\prims\jni.cpp, line 520]
Event: 3471.248 Thread 0x000001e3d881ee40 Exception <a 'sun/nio/fs/WindowsException'{0x00000000d5717d50}> (0x00000000d5717d50) 
thrown [s\src\hotspot\share\prims\jni.cpp, line 520]
Event: 3471.489 Thread 0x000001e3d881ee40 Exception <a 'sun/nio/fs/WindowsException'{0x00000000d5b42f88}> (0x00000000d5b42f88) 
thrown [s\src\hotspot\share\prims\jni.cpp, line 520]
Event: 3471.640 Thread 0x000001e3d881ee40 Exception <a 'sun/nio/fs/WindowsException'{0x00000000d55c0c68}> (0x00000000d55c0c68) 
thrown [s\src\hotspot\share\prims\jni.cpp, line 520]
Event: 3471.844 Thread 0x000001e3d881ee40 Exception <a 'sun/nio/fs/WindowsException'{0x00000000d57b34d0}> (0x00000000d57b34d0) 
thrown [s\src\hotspot\share\prims\jni.cpp, line 520]
Event: 3472.455 Thread 0x000001e3db00d9a0 Exception <a 'java/lang/NoSuchMethodError'{0x00000000d55f2740}: 'java.lang.Object java.lang.invoke.DirectMethodHandle$Holder.invokeStatic(java.lang.Object, java.lang.Object, int, java.lang.Object, java.lang.Object)'> (0x00000000d55f2740) 
thrown [s\src\hotspot\share\interpreter\linkResolver.cpp, line 773]
Event: 3473.277 Thread 0x000001e3d881ee40 Exception <a 'sun/nio/fs/WindowsException'{0x00000000d5698cd0}> (0x00000000d5698cd0) 
thrown [s\src\hotspot\share\prims\jni.cpp, line 520]
Event: 3473.420 Thread 0x000001e3d881ee40 Exception <a 'sun/nio/fs/WindowsException'{0x00000000d5692090}> (0x00000000d5692090) 
thrown [s\src\hotspot\share\prims\jni.cpp, line 520]
Event: 3473.469 Thread 0x000001e3fef13f60 Exception <a 'sun/nio/fs/WindowsException'{0x00000000d56d91d0}> (0x00000000d56d91d0) 
thrown [s\src\hotspot\share\prims\jni.cpp, line 520]
Event: 3473.775 Thread 0x000001e3d881ee40 Exception <a 'sun/nio/fs/WindowsException'{0x00000000d569acc0}> (0x00000000d569acc0) 
thrown [s\src\hotspot\share\prims\jni.cpp, line 520]
Event: 3475.918 Thread 0x000001e3fef13f60 Exception <a 'sun/nio/fs/WindowsException'{0x00000000d56f7fb0}> (0x00000000d56f7fb0) 
thrown [s\src\hotspot\share\prims\jni.cpp, line 520]
Event: 3481.307 Thread 0x000001e3fef13f60 Exception <a 'sun/nio/fs/WindowsException'{0x00000000d56c91f0}> (0x00000000d56c91f0) 
thrown [s\src\hotspot\share\prims\jni.cpp, line 520]
Event: 3767.963 Thread 0x000001e3db00fa70 Implicit null exception at 0x000001e388219bbe to 0x000001e38821a284
Event: 4139.189 Thread 0x000001e3d881ee40 Exception <a 'sun/nio/fs/WindowsException'{0x00000000d5654d48}> (0x00000000d5654d48) 
thrown [s\src\hotspot\share\prims\jni.cpp, line 520]
Event: 4139.219 Thread 0x000001e3fef13f60 Exception <a 'sun/nio/fs/WindowsException'{0x00000000d55e5af8}> (0x00000000d55e5af8) 
thrown [s\src\hotspot\share\prims\jni.cpp, line 520]
Event: 4144.184 Thread 0x000001e3fef13f60 Exception <a 'sun/nio/fs/WindowsException'{0x00000000d5612410}> (0x00000000d5612410) 
thrown [s\src\hotspot\share\prims\jni.cpp, line 520]

ZGC Phase Switch (0 events):
No events

VM Operations (20 events):
Event: 17977.177 Executing VM operation: RendezvousGCThreads
Event: 17977.177 Executing VM operation: RendezvousGCThreads done
Event: 18037.320 Executing VM operation: HandshakeAllThreads (HandshakeForDeflation)
Event: 18037.320 Executing VM operation: HandshakeAllThreads (HandshakeForDeflation) done
Event: 18037.320 Executing VM operation: RendezvousGCThreads
Event: 18037.320 Executing VM operation: RendezvousGCThreads done
Event: 18097.474 Executing VM operation: HandshakeAllThreads (HandshakeForDeflation)
Event: 18097.474 Executing VM operation: HandshakeAllThreads (HandshakeForDeflation) done
Event: 18097.474 Executing VM operation: RendezvousGCThreads
Event: 18097.474 Executing VM operation: RendezvousGCThreads done
Event: 18157.489 Executing VM operation: HandshakeAllThreads (HandshakeForDeflation)
Event: 18157.489 Executing VM operation: HandshakeAllThreads (HandshakeForDeflation) done
Event: 18157.489 Executing VM operation: RendezvousGCThreads
Event: 18157.489 Executing VM operation: RendezvousGCThreads done
Event: 18309.429 Executing VM operation: ParallelGCFailedAllocation (Allocation Failure)
Event: 18309.666 Executing VM operation: ParallelGCFailedAllocation (Allocation Failure) done
Event: 18337.896 Executing VM operation: HandshakeAllThreads (HandshakeForDeflation)
Event: 18337.896 Executing VM operation: HandshakeAllThreads (HandshakeForDeflation) done
Event: 18337.896 Executing VM operation: RendezvousGCThreads
Event: 18337.896 Executing VM operation: RendezvousGCThreads done

Memory protections (0 events):
No events

Nmethod flushes (20 events):
Event: 65.301 Thread 0x000001e3f981b0d0 flushing  nmethod 0x000001e381117a10
Event: 65.301 Thread 0x000001e3f981b0d0 flushing  nmethod 0x000001e381119690
Event: 65.301 Thread 0x000001e3f981b0d0 flushing  nmethod 0x000001e38111c610
Event: 65.301 Thread 0x000001e3f981b0d0 flushing  nmethod 0x000001e38112a690
Event: 65.301 Thread 0x000001e3f981b0d0 flushing  nmethod 0x000001e381135a90
Event: 65.301 Thread 0x000001e3f981b0d0 flushing  nmethod 0x000001e38113b090
Event: 65.301 Thread 0x000001e3f981b0d0 flushing  nmethod 0x000001e38113bd90
Event: 65.301 Thread 0x000001e3f981b0d0 flushing  nmethod 0x000001e38113c490
Event: 65.301 Thread 0x000001e3f981b0d0 flushing  nmethod 0x000001e38113e610
Event: 65.301 Thread 0x000001e3f981b0d0 flushing  nmethod 0x000001e381166490
Event: 65.301 Thread 0x000001e3f981b0d0 flushing  nmethod 0x000001e38116d790
Event: 65.301 Thread 0x000001e3f981b0d0 flushing  nmethod 0x000001e381170c10
Event: 65.301 Thread 0x000001e3f981b0d0 flushing  nmethod 0x000001e381175e10
Event: 65.301 Thread 0x000001e3f981b0d0 flushing  nmethod 0x000001e38118ad90
Event: 65.301 Thread 0x000001e3f981b0d0 flushing  nmethod 0x000001e38119a190
Event: 65.301 Thread 0x000001e3f981b0d0 flushing  nmethod 0x000001e3811a8610
Event: 65.301 Thread 0x000001e3f981b0d0 flushing  nmethod 0x000001e3811b4690
Event: 65.301 Thread 0x000001e3f981b0d0 flushing  nmethod 0x000001e3811b4e10
Event: 65.301 Thread 0x000001e3f981b0d0 flushing  nmethod 0x000001e3811ca690
Event: 65.301 Thread 0x000001e3f981b0d0 flushing  nmethod 0x000001e3811cb790

Events (20 events):
Event: 3474.808 Thread 0x000001e3f96eb020 Thread added: 0x000001e3d92d5c00
Event: 3480.367 Thread 0x000001e3d92d5c00 Thread exited: 0x000001e3d92d5c00
Event: 3536.401 Thread 0x000001e3db00d9a0 Thread exited: 0x000001e3db00d9a0
Event: 3537.774 Thread 0x000001e3d881c050 Thread exited: 0x000001e3d881c050
Event: 3767.948 Thread 0x000001e3db00fa70 Thread added: 0x000001e3db00e6c0
Event: 3767.949 Thread 0x000001e3db00e6c0 Thread exited: 0x000001e3db00e6c0
Event: 3775.480 Thread 0x000001e3db00c5f0 Thread exited: 0x000001e3db00c5f0
Event: 3775.481 Thread 0x000001e3db00cc80 Thread exited: 0x000001e3db00cc80
Event: 4139.467 Thread 0x000001e3db00f3e0 Thread added: 0x000001e3db00cc80
Event: 4139.467 Thread 0x000001e3db00f3e0 Thread added: 0x000001e3db00d9a0
Event: 4139.651 Thread 0x000001e3db00f3e0 Thread added: 0x000001e3db00e6c0
Event: 4140.066 Thread 0x000001e3f96eb020 Thread added: 0x000001e3d92d5c00
Event: 4149.361 Thread 0x000001e3d92d5c00 Thread exited: 0x000001e3d92d5c00
Event: 4200.301 Thread 0x000001e3db00e6c0 Thread exited: 0x000001e3db00e6c0
Event: 4419.516 Thread 0x000001e3db00fa70 Thread added: 0x000001e3db010100
Event: 4419.535 Thread 0x000001e3db010100 Thread exited: 0x000001e3db010100
Event: 4439.807 Thread 0x000001e3db00d9a0 Thread exited: 0x000001e3db00d9a0
Event: 4439.807 Thread 0x000001e3db00cc80 Thread exited: 0x000001e3db00cc80
Event: 6231.502 Thread 0x000001e3db00f3e0 Thread added: 0x000001e3db00cc80
Event: 6231.525 Thread 0x000001e3db00cc80 Thread exited: 0x000001e3db00cc80


Dynamic libraries:
0x00007ff691f50000 - 0x00007ff691f5e000 	c:\Users\FEBINB\.vscode\extensions\redhat.java-1.44.0-win32-x64\jre\21.0.8-win32-x86_64\bin\java.exe
0x00007ffed8ca0000 - 0x00007ffed8f07000 	C:\Windows\SYSTEM32\ntdll.dll
0x00007ffed7540000 - 0x00007ffed7609000 	C:\Windows\System32\KERNEL32.DLL
0x00007ffed62c0000 - 0x00007ffed66b0000 	C:\Windows\System32\KERNELBASE.dll
0x00007ffed5e70000 - 0x00007ffed5fbb000 	C:\Windows\System32\ucrtbase.dll
0x00007ffeaa6b0000 - 0x00007ffeaa6c8000 	c:\Users\FEBINB\.vscode\extensions\redhat.java-1.44.0-win32-x64\jre\21.0.8-win32-x86_64\bin\jli.dll
0x00007ffed78a0000 - 0x00007ffed7a65000 	C:\Windows\System32\USER32.dll
0x00007ffed66c0000 - 0x00007ffed66e7000 	C:\Windows\System32\win32u.dll
0x00007ffed7f50000 - 0x00007ffed7f7b000 	C:\Windows\System32\GDI32.dll
0x00007ffed66f0000 - 0x00007ffed6828000 	C:\Windows\System32\gdi32full.dll
0x00007ffed6830000 - 0x00007ffed68d3000 	C:\Windows\System32\msvcp_win.dll
0x00007ffea7ab0000 - 0x00007ffea7ace000 	c:\Users\FEBINB\.vscode\extensions\redhat.java-1.44.0-win32-x64\jre\21.0.8-win32-x86_64\bin\VCRUNTIME140.dll
0x00007ffeacf40000 - 0x00007ffead1da000 	C:\Windows\WinSxS\amd64_microsoft.windows.common-controls_6595b64144ccf1df_6.0.26100.4768_none_3e0c112ce331287c\COMCTL32.dll
0x00007ffed81d0000 - 0x00007ffed8279000 	C:\Windows\System32\msvcrt.dll
0x00007ffed6f70000 - 0x00007ffed6f9f000 	C:\Windows\System32\IMM32.DLL
0x000001e3f7500000 - 0x000001e3f7516000 	C:\Windows\System32\umppc19907.dll
0x000001e3f7560000 - 0x000001e3f7573000 	C:\Windows\System32\CsXumd64_19907.dll
0x00007ffeb0880000 - 0x00007ffeb088c000 	c:\Users\FEBINB\.vscode\extensions\redhat.java-1.44.0-win32-x64\jre\21.0.8-win32-x86_64\bin\vcruntime140_1.dll
0x00007ffe63e40000 - 0x00007ffe63ecd000 	c:\Users\FEBINB\.vscode\extensions\redhat.java-1.44.0-win32-x64\jre\21.0.8-win32-x86_64\bin\msvcp140.dll
0x00007ffe630a0000 - 0x00007ffe63e37000 	c:\Users\FEBINB\.vscode\extensions\redhat.java-1.44.0-win32-x64\jre\21.0.8-win32-x86_64\bin\server\jvm.dll
0x00007ffed7610000 - 0x00007ffed76c4000 	C:\Windows\System32\ADVAPI32.dll
0x00007ffed76d0000 - 0x00007ffed7776000 	C:\Windows\System32\sechost.dll
0x00007ffed8b40000 - 0x00007ffed8c58000 	C:\Windows\System32\RPCRT4.dll
0x00007ffed6ec0000 - 0x00007ffed6f34000 	C:\Windows\System32\WS2_32.dll
0x00007ffed5c50000 - 0x00007ffed5cae000 	C:\Windows\SYSTEM32\POWRPROF.dll
0x00007ffead7d0000 - 0x00007ffead805000 	C:\Windows\SYSTEM32\WINMM.dll
0x00007ffecaad0000 - 0x00007ffecaadb000 	C:\Windows\SYSTEM32\VERSION.dll
0x00007ffed5c30000 - 0x00007ffed5c44000 	C:\Windows\SYSTEM32\UMPDC.dll
0x00007ffed49e0000 - 0x00007ffed49fb000 	C:\Windows\SYSTEM32\kernel.appcore.dll
0x00007ffeb08a0000 - 0x00007ffeb08aa000 	c:\Users\FEBINB\.vscode\extensions\redhat.java-1.44.0-win32-x64\jre\21.0.8-win32-x86_64\bin\jimage.dll
0x00007ffec9820000 - 0x00007ffec9a61000 	C:\Windows\SYSTEM32\DBGHELP.DLL
0x00007ffed70b0000 - 0x00007ffed7435000 	C:\Windows\System32\combase.dll
0x00007ffed6fb0000 - 0x00007ffed7090000 	C:\Windows\System32\OLEAUT32.dll
0x00007ffec9470000 - 0x00007ffec94b3000 	C:\Windows\SYSTEM32\dbgcore.DLL
0x00007ffed5dd0000 - 0x00007ffed5e69000 	C:\Windows\System32\bcryptPrimitives.dll
0x00007ffeb9a90000 - 0x00007ffeb9a9f000 	c:\Users\FEBINB\.vscode\extensions\redhat.java-1.44.0-win32-x64\jre\21.0.8-win32-x86_64\bin\instrument.dll
0x00007ffeacf20000 - 0x00007ffeacf3f000 	c:\Users\FEBINB\.vscode\extensions\redhat.java-1.44.0-win32-x64\jre\21.0.8-win32-x86_64\bin\java.dll
0x00007ffed8380000 - 0x00007ffed8acd000 	C:\Windows\System32\SHELL32.dll
0x00007ffed5fc0000 - 0x00007ffed6133000 	C:\Windows\System32\wintypes.dll
0x00007ffed3650000 - 0x00007ffed3eb0000 	C:\Windows\SYSTEM32\windows.storage.dll
0x00007ffed8280000 - 0x00007ffed8375000 	C:\Windows\System32\SHCORE.dll
0x00007ffed8ad0000 - 0x00007ffed8b3a000 	C:\Windows\System32\shlwapi.dll
0x00007ffed5cf0000 - 0x00007ffed5d19000 	C:\Windows\SYSTEM32\profapi.dll
0x00007ffeacf00000 - 0x00007ffeacf18000 	c:\Users\FEBINB\.vscode\extensions\redhat.java-1.44.0-win32-x64\jre\21.0.8-win32-x86_64\bin\zip.dll
0x00007ffeb0890000 - 0x00007ffeb08a0000 	C:\Users\FEBINB\.vscode\extensions\redhat.java-1.44.0-win32-x64\jre\21.0.8-win32-x86_64\bin\net.dll
0x00007ffed4a00000 - 0x00007ffed4b1e000 	C:\Windows\SYSTEM32\WINHTTP.dll
0x00007ffed5080000 - 0x00007ffed50eb000 	C:\Windows\system32\mswsock.dll
0x00007ffea7ae0000 - 0x00007ffea7af6000 	C:\Users\FEBINB\.vscode\extensions\redhat.java-1.44.0-win32-x64\jre\21.0.8-win32-x86_64\bin\nio.dll
0x00007ffeb9360000 - 0x00007ffeb9370000 	c:\Users\FEBINB\.vscode\extensions\redhat.java-1.44.0-win32-x64\jre\21.0.8-win32-x86_64\bin\verify.dll
0x00007ffeb4ca0000 - 0x00007ffeb4ce5000 	C:\Users\FEBINB\AppData\Roaming\Code\User\globalStorage\redhat.java\1.44.0\config_win\org.eclipse.equinox.launcher\org.eclipse.equinox.launcher.win32.win32.x86_64_1.2.1400.v20250730-1736\eclipse_11913.dll
0x00007ffed7d10000 - 0x00007ffed7eb0000 	C:\Windows\System32\ole32.dll
0x00007ffed5460000 - 0x00007ffed547b000 	C:\Windows\SYSTEM32\CRYPTSP.dll
0x00007ffed4940000 - 0x00007ffed497b000 	C:\Windows\system32\rsaenh.dll
0x00007ffed5120000 - 0x00007ffed514b000 	C:\Windows\SYSTEM32\USERENV.dll
0x00007ffed5cc0000 - 0x00007ffed5ce6000 	C:\Windows\SYSTEM32\bcrypt.dll
0x00007ffed5440000 - 0x00007ffed544c000 	C:\Windows\SYSTEM32\CRYPTBASE.dll
0x00007ffed4160000 - 0x00007ffed4193000 	C:\Windows\SYSTEM32\IPHLPAPI.DLL
0x00007ffed6f40000 - 0x00007ffed6f4a000 	C:\Windows\System32\NSI.dll
0x00007ffeafd30000 - 0x00007ffeafd79000 	C:\Users\FEBINB\AppData\Local\Temp\jna-2069802362\jna13199687560560313548.dll
0x00007ffed6f50000 - 0x00007ffed6f58000 	C:\Windows\System32\PSAPI.DLL
0x00007ffecff00000 - 0x00007ffecff1f000 	C:\Windows\SYSTEM32\dhcpcsvc6.DLL
0x00007ffecfc80000 - 0x00007ffecfca5000 	C:\Windows\SYSTEM32\dhcpcsvc.DLL
0x00007ffeae510000 - 0x00007ffeae51e000 	C:\Users\FEBINB\.vscode\extensions\redhat.java-1.44.0-win32-x64\jre\21.0.8-win32-x86_64\bin\sunmscapi.dll
0x00007ffed6140000 - 0x00007ffed62b7000 	C:\Windows\System32\CRYPT32.dll
0x00007ffed55c0000 - 0x00007ffed55f0000 	C:\Windows\SYSTEM32\ncrypt.dll
0x00007ffed5570000 - 0x00007ffed55af000 	C:\Windows\SYSTEM32\NTASN1.dll
0x00007ffed41a0000 - 0x00007ffed42c6000 	C:\Windows\SYSTEM32\DNSAPI.dll
0x00007ffecc790000 - 0x00007ffecc79b000 	C:\Windows\System32\rasadhlp.dll
0x00007ffece700000 - 0x00007ffece786000 	C:\Windows\System32\fwpuclnt.dll
0x00007ffeb9aa0000 - 0x00007ffeb9aa9000 	C:\Users\FEBINB\.vscode\extensions\redhat.java-1.44.0-win32-x64\jre\21.0.8-win32-x86_64\bin\extnet.dll
0x00007ffeb6f40000 - 0x00007ffeb6f67000 	C:\Users\FEBINB\.gradle\native\c067742578af261105cb4f569cf0c3c89f3d7b1fecec35dd04571415982c5e48\windows-amd64\native-platform.dll
0x00007ffeaf1b0000 - 0x00007ffeaf1ba000 	C:\Users\FEBINB\.vscode\extensions\redhat.java-1.44.0-win32-x64\jre\21.0.8-win32-x86_64\bin\management.dll
0x00007ffeae7f0000 - 0x00007ffeae7fb000 	C:\Users\FEBINB\.vscode\extensions\redhat.java-1.44.0-win32-x64\jre\21.0.8-win32-x86_64\bin\management_ext.dll

JVMTI agents:
c:\Users\FEBINB\.vscode\extensions\redhat.java-1.44.0-win32-x64\lombok\lombok-1.18.39-4050.jar path:c:\Users\FEBINB\.vscode\extensions\redhat.java-1.44.0-win32-x64\jre\21.0.8-win32-x86_64\bin\instrument.dll, loaded, initialized, instrumentlib options:none

dbghelp: loaded successfully - version: 4.0.5 - missing functions: none
symbol engine: initialized successfully - sym options: 0x614 - pdb path: .;c:\Users\FEBINB\.vscode\extensions\redhat.java-1.44.0-win32-x64\jre\21.0.8-win32-x86_64\bin;C:\Windows\SYSTEM32;C:\Windows\WinSxS\amd64_microsoft.windows.common-controls_6595b64144ccf1df_6.0.26100.4768_none_3e0c112ce331287c;c:\Users\FEBINB\.vscode\extensions\redhat.java-1.44.0-win32-x64\jre\21.0.8-win32-x86_64\bin\server;C:\Users\FEBINB\AppData\Roaming\Code\User\globalStorage\redhat.java\1.44.0\config_win\org.eclipse.equinox.launcher\org.eclipse.equinox.launcher.win32.win32.x86_64_1.2.1400.v20250730-1736;C:\Users\FEBINB\AppData\Local\Temp\jna-2069802362;C:\Users\FEBINB\.gradle\native\c067742578af261105cb4f569cf0c3c89f3d7b1fecec35dd04571415982c5e48\windows-amd64

VM Arguments:
jvm_args: --add-modules=ALL-SYSTEM --add-opens=java.base/java.util=ALL-UNNAMED --add-opens=java.base/java.lang=ALL-UNNAMED --add-opens=java.base/sun.nio.fs=ALL-UNNAMED -Declipse.application=org.eclipse.jdt.ls.core.id1 -Dosgi.bundles.defaultStartLevel=4 -Declipse.product=org.eclipse.jdt.ls.core.product -Djava.import.generatesMetadataFilesAtProjectRoot=false -DDetectVMInstallationsJob.disabled=true -Dfile.encoding=utf8 -XX:+UseParallelGC -XX:GCTimeRatio=4 -XX:AdaptiveSizePolicyWeight=90 -Dsun.zip.disableMemoryMapping=true -Xmx2G -Xms100m -Xlog:disable -javaagent:c:\Users\FEBINB\.vscode\extensions\redhat.java-1.44.0-win32-x64\lombok\lombok-1.18.39-4050.jar -XX:+HeapDumpOnOutOfMemoryError -XX:HeapDumpPath=c:\Users\FEBINB\AppData\Roaming\Code\User\workspaceStorage\5a5270dfa1e7b43c66347a87301abacd\redhat.java -Daether.dependencyCollector.impl=bf 
java_command: c:\Users\FEBINB\.vscode\extensions\redhat.java-1.44.0-win32-x64\server\plugins\org.eclipse.equinox.launcher_1.7.0.v20250519-0528.jar -configuration c:\Users\FEBINB\AppData\Roaming\Code\User\globalStorage\redhat.java\1.44.0\config_win -data c:\Users\FEBINB\AppData\Roaming\Code\User\workspaceStorage\5a5270dfa1e7b43c66347a87301abacd\redhat.java\jdt_ws --pipe=\\.\pipe\lsp-67cb0637542875f68d294ef852f5d3dd-sock
java_class_path (initial): c:\Users\FEBINB\.vscode\extensions\redhat.java-1.44.0-win32-x64\server\plugins\org.eclipse.equinox.launcher_1.7.0.v20250519-0528.jar
Launcher Type: SUN_STANDARD

[Global flags]
    uintx AdaptiveSizePolicyWeight                 = 90                                        {product} {command line}
     intx CICompilerCount                          = 3                                         {product} {ergonomic}
    uintx GCTimeRatio                              = 4                                         {product} {command line}
     bool HeapDumpOnOutOfMemoryError               = true                                   {manageable} {command line}
    ccstr HeapDumpPath                             = c:\Users\FEBINB\AppData\Roaming\Code\User\workspaceStorage\5a5270dfa1e7b43c66347a87301abacd\redhat.java         {manageable} {command line}
   size_t InitialHeapSize                          = 104857600                                 {product} {command line}
   size_t MaxHeapSize                              = 2147483648                                {product} {command line}
   size_t MaxNewSize                               = 715653120                                 {product} {ergonomic}
   size_t MinHeapDeltaBytes                        = 524288                                    {product} {ergonomic}
   size_t MinHeapSize                              = 104857600                                 {product} {command line}
   size_t NewSize                                  = 34603008                                  {product} {ergonomic}
    uintx NonNMethodCodeHeapSize                   = 5832780                                {pd product} {ergonomic}
    uintx NonProfiledCodeHeapSize                  = 122912730                              {pd product} {ergonomic}
   size_t OldSize                                  = 70254592                                  {product} {ergonomic}
    uintx ProfiledCodeHeapSize                     = 122912730                              {pd product} {ergonomic}
    uintx ReservedCodeCacheSize                    = 251658240                              {pd product} {ergonomic}
     bool SegmentedCodeCache                       = true                                      {product} {ergonomic}
   size_t SoftMaxHeapSize                          = 2147483648                             {manageable} {ergonomic}
     bool UseCompressedOops                        = true                           {product lp64_product} {ergonomic}
     bool UseLargePagesIndividualAllocation        = false                                  {pd product} {ergonomic}
     bool UseParallelGC                            = true                                      {product} {command line}

Logging:
Log output configuration:
 #0: stdout all=off uptime,level,tags foldmultilines=false
 #1: stderr all=off uptime,level,tags foldmultilines=false

Environment Variables:
JAVA_HOME=C:\Users\FEBINB\AppData\Local\Programs\Eclipse Adoptium\jdk-17.0.14.7-hotspot
PATH=C:\Windows\system32;C:\Windows;C:\Windows\System32\Wbem;C:\Windows\System32\WindowsPowerShell\v1.0\;C:\Windows\System32\OpenSSH\;C:\Users\FEBINB\AppData\Local\Packages\PythonSoftwareFoundation.Python.3.11_qbz5n2kfra8p0\LocalCache\local-packages\Python311\Scripts;C:\Program Files\nodejs\;C:\Program Files\Git\cmd;C:\Users\FEBINB\AppData\Local\Programs\Microsoft VS Code;C:\Users\FEBINB\AppData\Local\Android\Sdk\platform-tools;C:\Users\FEBINB\AppData\Local\Programs\Eclipse Adoptium\jdk-17.0.14.7-hotspot\bin;C:\Users\FEBINB\AppData\Local\Android\Sdk\platfrom-tools;C:\Users\FEBINB\AppData\Local\Programs\Python\Launcher\;C:\Users\FEBINB\AppData\Local\Programs\Eclipse Adoptium\jdk-17.0.14.7-hotspot\bin;C:\Program Files\Android\Android Studio\bin;C:\Users\FEBINB\AppData\Local\Programs\Microsoft VS Code\bin;C:\Users\FEBINB\AppData\Local\Programs\cursor\resources\app\bin;C:\Users\FEBINB\AppData\Local\Programs\Python\Python312;C:\Users\FEBINB\AppData\Local\Programs\Python\Python312\Scripts;
USERNAME=FEBINB
OS=Windows_NT
PROCESSOR_IDENTIFIER=AMD64 Family 25 Model 1 Stepping 1, AuthenticAMD
TMP=C:\Users\FEBINB\AppData\Local\Temp
TEMP=C:\Users\FEBINB\AppData\Local\Temp




Periodic native trim disabled

---------------  S Y S T E M  ---------------

OS:
 Windows 11 , 64 bit Build 26100 (10.0.26100.4768)
OS uptime: 12 days 12:27 hours
Hyper-V role detected

CPU: total 4 (initial active 4) (16 cores per cpu, 2 threads per core) family 25 model 1 stepping 1 microcode 0xffffffff, cx8, cmov, fxsr, ht, mmx, 3dnowpref, sse, sse2, sse3, ssse3, sse4a, sse4.1, sse4.2, popcnt, lzcnt, tsc, tscinvbit, avx, avx2, aes, erms, clmul, bmi1, bmi2, adx, sha, fma, vzeroupper, clflush, clflushopt, hv, rdtscp, rdpid, fsrm, f16c, cet_ss
Processor Information for the first 4 processors :
  Max Mhz: 2445, Current Mhz: 2445, Mhz Limit: 2445

Memory: 4k page, system-wide physical 16332M (235M free)
TotalPageFile size 32518M (AvailPageFile size 2M)
current process WorkingSet (physical memory assigned to process): 82M, peak: 1821M
current process commit charge ("private bytes"): 1206M, peak: 1724M

vm_info: OpenJDK 64-Bit Server VM (21.0.8+9-LTS) for windows-amd64 JRE (21.0.8+9-LTS), built on 2025-07-15T00:00:00Z by "admin" with MS VC++ 17.7 (VS2022)

END.
