#
# There is insufficient memory for the Java Runtime Environment to continue.
# Native memory allocation (malloc) failed to allocate 1048576 bytes. Error detail: AllocateHeap
# Possible reasons:
#   The system is out of physical RAM or swap space
#   This process is running with CompressedOops enabled, and the Java Heap may be blocking the growth of the native heap
# Possible solutions:
#   Reduce memory load on the system
#   Increase physical memory or swap space
#   Check if swap backing store is full
#   Decrease Java heap size (-Xmx/-Xms)
#   Decrease number of Java threads
#   Decrease Java thread stack sizes (-Xss)
#   Set larger code cache with -XX:ReservedCodeCacheSize=
#   JVM is running with Unscaled Compressed Oops mode in which the Java heap is
#     placed in the first 4GB address space. The Java Heap base address is the
#     maximum limit for the native heap growth. Please use -XX:HeapBaseMinAddress
#     to set the Java Heap base and to place the Java Heap above 4GB virtual address.
# This output file may be truncated or incomplete.
#
#  Out of Memory Error (allocation.cpp:44), pid=14236, tid=15996
#
# JRE version: OpenJDK Runtime Environment Temurin-21.0.8+9 (21.0.8+9) (build 21.0.8+9-LTS)
# Java VM: OpenJDK 64-Bit Server VM Temurin-21.0.8+9 (21.0.8+9-LTS, mixed mode, sharing, tiered, compressed oops, compressed class ptrs, parallel gc, windows-amd64)
# No core dump will be written. Minidumps are not enabled by default on client versions of Windows
#

---------------  S U M M A R Y ------------

Command Line: --add-modules=ALL-SYSTEM --add-opens=java.base/java.util=ALL-UNNAMED --add-opens=java.base/java.lang=ALL-UNNAMED --add-opens=java.base/sun.nio.fs=ALL-UNNAMED -Declipse.application=org.eclipse.jdt.ls.core.id1 -Dosgi.bundles.defaultStartLevel=4 -Declipse.product=org.eclipse.jdt.ls.core.product -Djava.import.generatesMetadataFilesAtProjectRoot=false -DDetectVMInstallationsJob.disabled=true -Dfile.encoding=utf8 -XX:+UseParallelGC -XX:GCTimeRatio=4 -XX:AdaptiveSizePolicyWeight=90 -Dsun.zip.disableMemoryMapping=true -Xmx2G -Xms100m -Xlog:disable -javaagent:c:\Users\FEBINB\.vscode\extensions\redhat.java-1.44.0-win32-x64\lombok\lombok-1.18.39-4050.jar -XX:+HeapDumpOnOutOfMemoryError -XX:HeapDumpPath=c:\Users\FEBINB\AppData\Roaming\Code\User\workspaceStorage\5a5270dfa1e7b43c66347a87301abacd\redhat.java -Daether.dependencyCollector.impl=bf c:\Users\FEBINB\.vscode\extensions\redhat.java-1.44.0-win32-x64\server\plugins\org.eclipse.equinox.launcher_1.7.0.v20250519-0528.jar -configuration c:\Users\FEBINB\AppData\Roaming\Code\User\globalStorage\redhat.java\1.44.0\config_win -data c:\Users\FEBINB\AppData\Roaming\Code\User\workspaceStorage\5a5270dfa1e7b43c66347a87301abacd\redhat.java\jdt_ws --pipe=\\.\pipe\lsp-5afb304ccdc36f888584319383093b23-sock

Host: AMD EPYC 7763 64-Core Processor                , 4 cores, 15G,  Windows 11 , 64 bit Build 26100 (10.0.26100.4768)
Time: Wed Sep  3 20:58:48 2025 Sri Lanka Standard Time elapsed time: 17677.102844 seconds (0d 4h 54m 37s)

---------------  T H R E A D  ---------------

Current thread (0x000001581627d6c0):  JavaThread "Attach Listener" daemon [_thread_in_vm, id=15996, stack(0x0000004088800000,0x0000004088900000) (1024K)]

Stack: [0x0000004088800000,0x0000004088900000]
Native frames: (J=compiled Java code, j=interpreted, Vv=VM code, C=native code)
V  [jvm.dll+0x6d2449]
V  [jvm.dll+0x8ae341]
V  [jvm.dll+0x8b08be]
V  [jvm.dll+0x8b0fa3]
V  [jvm.dll+0x280c96]
V  [jvm.dll+0xc0347]
V  [jvm.dll+0x6d2cf9]
V  [jvm.dll+0x131116]
V  [jvm.dll+0x3f2d16]
V  [jvm.dll+0x857e6b]
V  [jvm.dll+0x6d0b0d]
C  [ucrtbase.dll+0x37b0]
C  [KERNEL32.DLL+0x2e8d7]
C  [ntdll.dll+0x3c34c]


---------------  P R O C E S S  ---------------

Threads class SMR info:
_java_thread_list=0x000001585f260aa0, length=31, elements={
0x000001587d4aba40, 0x0000015816276930, 0x000001587f11e4a0, 0x000001581627c460,
0x000001581627d6c0, 0x000001581627e310, 0x0000015816280d70, 0x0000015816283fb0,
0x00000158162fb9c0, 0x000001585c055440, 0x000001585c200fd0, 0x000001585c8b4750,
0x000001585cd92110, 0x000001585cd983e0, 0x000001585cd98a40, 0x000001585c90f040,
0x000001585c255990, 0x000001585c601e50, 0x000001585c602b70, 0x000001585c603f20,
0x000001585c6045b0, 0x000001585d58d410, 0x000001585d58e130, 0x000001585d58cd80,
0x000001585d58fb70, 0x000001585d58e7c0, 0x000001585d58ee50, 0x000001585d58f4e0,
0x000001585d58c6f0, 0x000001585d590890, 0x000001585c50d790
}

Java Threads: ( => current thread )
  0x000001587d4aba40 JavaThread "main"                              [_thread_blocked, id=14016, stack(0x0000004088100000,0x0000004088200000) (1024K)]
  0x0000015816276930 JavaThread "Reference Handler"          daemon [_thread_blocked, id=19804, stack(0x0000004088500000,0x0000004088600000) (1024K)]
  0x000001587f11e4a0 JavaThread "Finalizer"                  daemon [_thread_blocked, id=22948, stack(0x0000004088600000,0x0000004088700000) (1024K)]
  0x000001581627c460 JavaThread "Signal Dispatcher"          daemon [_thread_blocked, id=7448, stack(0x0000004088700000,0x0000004088800000) (1024K)]
=>0x000001581627d6c0 JavaThread "Attach Listener"            daemon [_thread_in_vm, id=15996, stack(0x0000004088800000,0x0000004088900000) (1024K)]
  0x000001581627e310 JavaThread "Service Thread"             daemon [_thread_blocked, id=14312, stack(0x0000004088900000,0x0000004088a00000) (1024K)]
  0x0000015816280d70 JavaThread "Monitor Deflation Thread"   daemon [_thread_blocked, id=6912, stack(0x0000004088a00000,0x0000004088b00000) (1024K)]
  0x0000015816283fb0 JavaThread "C2 CompilerThread0"         daemon [_thread_blocked, id=12392, stack(0x0000004088b00000,0x0000004088c00000) (1024K)]
  0x00000158162fb9c0 JavaThread "C1 CompilerThread0"         daemon [_thread_blocked, id=11944, stack(0x0000004088c00000,0x0000004088d00000) (1024K)]
  0x000001585c055440 JavaThread "Common-Cleaner"             daemon [_thread_blocked, id=15800, stack(0x0000004088d00000,0x0000004088e00000) (1024K)]
  0x000001585c200fd0 JavaThread "Notification Thread"        daemon [_thread_blocked, id=23572, stack(0x0000004088e00000,0x0000004088f00000) (1024K)]
  0x000001585c8b4750 JavaThread "Active Thread: Equinox Container: 5e0b062c-30cb-4164-b270-ee05e4b271c9"        [_thread_blocked, id=13712, stack(0x0000004089300000,0x0000004089400000) (1024K)]
  0x000001585cd92110 JavaThread "Refresh Thread: Equinox Container: 5e0b062c-30cb-4164-b270-ee05e4b271c9" daemon [_thread_blocked, id=1196, stack(0x0000004089400000,0x0000004089500000) (1024K)]
  0x000001585cd983e0 JavaThread "Framework Event Dispatcher: Equinox Container: 5e0b062c-30cb-4164-b270-ee05e4b271c9" daemon [_thread_blocked, id=14356, stack(0x0000004088f00000,0x0000004089000000) (1024K)]
  0x000001585cd98a40 JavaThread "Start Level: Equinox Container: 5e0b062c-30cb-4164-b270-ee05e4b271c9" daemon [_thread_blocked, id=10084, stack(0x0000004089500000,0x0000004089600000) (1024K)]
  0x000001585c90f040 JavaThread "Bundle File Closer"         daemon [_thread_blocked, id=2836, stack(0x0000004089700000,0x0000004089800000) (1024K)]
  0x000001585c255990 JavaThread "SCR Component Actor"        daemon [_thread_blocked, id=23952, stack(0x0000004089800000,0x0000004089900000) (1024K)]
  0x000001585c601e50 JavaThread "Worker-JM"                         [_thread_blocked, id=10628, stack(0x0000004089600000,0x0000004089700000) (1024K)]
  0x000001585c602b70 JavaThread "JNA Cleaner"                daemon [_thread_blocked, id=23516, stack(0x0000004089900000,0x0000004089a00000) (1024K)]
  0x000001585c603f20 JavaThread "Java indexing"              daemon [_thread_blocked, id=23560, stack(0x0000004089e00000,0x0000004089f00000) (1024K)]
  0x000001585c6045b0 JavaThread "Worker-2"                          [_thread_blocked, id=18668, stack(0x0000004089f00000,0x000000408a000000) (1024K)]
  0x000001585d58d410 JavaThread "Worker-4"                          [_thread_blocked, id=24500, stack(0x000000408a400000,0x000000408a500000) (1024K)]
  0x000001585d58e130 JavaThread "Thread-3"                   daemon [_thread_in_native, id=16512, stack(0x000000408a600000,0x000000408a700000) (1024K)]
  0x000001585d58cd80 JavaThread "Thread-4"                   daemon [_thread_in_native, id=2004, stack(0x000000408a700000,0x000000408a800000) (1024K)]
  0x000001585d58fb70 JavaThread "Thread-5"                   daemon [_thread_in_native, id=23472, stack(0x000000408a800000,0x000000408a900000) (1024K)]
  0x000001585d58e7c0 JavaThread "Thread-6"                   daemon [_thread_in_native, id=20216, stack(0x000000408a900000,0x000000408aa00000) (1024K)]
  0x000001585d58ee50 JavaThread "Thread-7"                   daemon [_thread_in_native, id=16076, stack(0x000000408aa00000,0x000000408ab00000) (1024K)]
  0x000001585d58f4e0 JavaThread "pool-2-thread-1"                   [_thread_blocked, id=21528, stack(0x000000408ab00000,0x000000408ac00000) (1024K)]
  0x000001585d58c6f0 JavaThread "WorkspaceEventsHandler"            [_thread_blocked, id=24340, stack(0x000000408ad00000,0x000000408ae00000) (1024K)]
  0x000001585d590890 JavaThread "pool-1-thread-1"                   [_thread_blocked, id=19108, stack(0x000000408ae00000,0x000000408af00000) (1024K)]
  0x000001585c50d790 JavaThread "Timer-0"                           [_thread_blocked, id=20492, stack(0x000000408b800000,0x000000408b900000) (1024K)]
Total: 31

Other Threads:
  0x000001581626f950 VMThread "VM Thread"                           [id=23928, stack(0x0000004088400000,0x0000004088500000) (1024K)]
  0x000001581620ba00 WatcherThread "VM Periodic Task Thread"        [id=6676, stack(0x0000004088300000,0x0000004088400000) (1024K)]
  0x000001587f088820 WorkerThread "GC Thread#0"                     [id=23236, stack(0x0000004088200000,0x0000004088300000) (1024K)]
  0x000001585ca4e9a0 WorkerThread "GC Thread#1"                     [id=10468, stack(0x0000004089000000,0x0000004089100000) (1024K)]
  0x000001585c9a93d0 WorkerThread "GC Thread#2"                     [id=21060, stack(0x0000004089100000,0x0000004089200000) (1024K)]
  0x000001585c9a9770 WorkerThread "GC Thread#3"                     [id=5236, stack(0x0000004089200000,0x0000004089300000) (1024K)]
Total: 6

Threads with active compile tasks:
Total: 0

VM state: not at safepoint (normal execution)

VM Mutex/Monitor currently owned by a thread: None

Heap address: 0x0000000080000000, size: 2048 MB, Compressed Oops mode: 32-bit

CDS archive(s) mapped at: [0x0000015817000000-0x0000015817ba0000-0x0000015817ba0000), size 12189696, SharedBaseAddress: 0x0000015817000000, ArchiveRelocationMode: 1.
Compressed class space mapped at: 0x0000015818000000-0x0000015858000000, reserved size: 1073741824
Narrow klass base: 0x0000015817000000, Narrow klass shift: 0, Narrow klass range: 0x100000000

GC Precious Log:
 CardTable entry size: 512
 CPUs: 4 total, 4 available
 Memory: 16332M
 Large Page Support: Disabled
 NUMA Support: Disabled
 Compressed Oops: Enabled (32-bit)
 Alignments: Space 512K, Generation 512K, Heap 2M
 Heap Min Capacity: 100M
 Heap Initial Capacity: 100M
 Heap Max Capacity: 2G
 Pre-touch: Disabled
 Parallel Workers: 4

Heap:
 PSYoungGen      total 4608K, used 2824K [0x00000000d5580000, 0x00000000d6080000, 0x0000000100000000)
  eden space 4096K, 63% used [0x00000000d5580000,0x00000000d580daf0,0x00000000d5980000)
  from space 512K, 41% used [0x00000000d6000000,0x00000000d6034808,0x00000000d6080000)
  to   space 2560K, 0% used [0x00000000d5b80000,0x00000000d5b80000,0x00000000d5e00000)
 ParOldGen       total 906240K, used 905828K [0x0000000080000000, 0x00000000b7500000, 0x00000000d5580000)
  object space 906240K, 99% used [0x0000000080000000,0x00000000b7499278,0x00000000b7500000)
 Metaspace       used 76138K, committed 77696K, reserved 1179648K
  class space    used 8462K, committed 9152K, reserved 1048576K

Card table byte_map: [0x000001587f3c0000,0x000001587f7d0000] _byte_map_base: 0x000001587efc0000

Marking Bits: (ParMarkBitMap*) 0x00007ffe69b8a340
 Begin Bits: [0x0000015812130000, 0x0000015814130000)
 End Bits:   [0x0000015814130000, 0x0000015816130000)

Polling page: 0x000001587d660000

Metaspace:

Usage:
  Non-class:     66.09 MB used.
      Class:      8.26 MB used.
       Both:     74.35 MB used.

Virtual space:
  Non-class space:      128.00 MB reserved,      66.94 MB ( 52%) committed,  2 nodes.
      Class space:        1.00 GB reserved,       8.94 MB ( <1%) committed,  1 nodes.
             Both:        1.12 GB reserved,      75.88 MB (  7%) committed. 

Chunk freelists:
   Non-Class:  12.30 MB
       Class:  7.10 MB
        Both:  19.40 MB

MaxMetaspaceSize: unlimited
CompressedClassSpaceSize: 1.00 GB
Initial GC threshold: 21.00 MB
Current GC threshold: 123.88 MB
CDS: on
 - commit_granule_bytes: 65536.
 - commit_granule_words: 8192.
 - virtual_space_node_default_size: 8388608.
 - enlarge_chunks_in_place: 1.
 - use_allocation_guard: 0.


Internal statistics:

num_allocs_failed_limit: 11.
num_arena_births: 1316.
num_arena_deaths: 14.
num_vsnodes_births: 3.
num_vsnodes_deaths: 0.
num_space_committed: 1214.
num_space_uncommitted: 0.
num_chunks_returned_to_freelist: 25.
num_chunks_taken_from_freelist: 4567.
num_chunk_merges: 15.
num_chunk_splits: 2905.
num_chunks_enlarged: 1826.
num_inconsistent_stats: 0.

CodeHeap 'non-profiled nmethods': size=120000Kb used=13530Kb max_used=13530Kb free=106469Kb
 bounds [0x000001580ac00000, 0x000001580b940000, 0x0000015812130000]
CodeHeap 'profiled nmethods': size=120000Kb used=29641Kb max_used=29641Kb free=90358Kb
 bounds [0x0000015803130000, 0x0000015804e30000, 0x000001580a660000]
CodeHeap 'non-nmethods': size=5760Kb used=1470Kb max_used=1546Kb free=4289Kb
 bounds [0x000001580a660000, 0x000001580a8d0000, 0x000001580ac00000]
CodeCache: size=245760Kb, used=44641Kb, max_used=44717Kb, free=201116Kb
 total_blobs=13282, nmethods=12494, adapters=692, full_count=0
Compilation: enabled, stopped_count=0, restarted_count=0

Compilation events (20 events):
Event: 13238.469 Thread 0x00000158162fb9c0 14322       3       java.util.concurrent.ThreadPoolExecutor$Worker::tryAcquire (20 bytes)
Event: 13238.469 Thread 0x00000158162fb9c0 nmethod 14322 0x0000015804e1fa90 code [0x0000015804e1fc40, 0x0000015804e1fe48]
Event: 13241.587 Thread 0x0000015816283fb0 14323       4       java.util.concurrent.ThreadPoolExecutor::beforeExecute (1 bytes)
Event: 13241.589 Thread 0x0000015816283fb0 nmethod 14323 0x000001580b935b90 code [0x000001580b935d20, 0x000001580b935da8]
Event: 13251.601 Thread 0x00000158162fb9c0 14324       3       java.util.concurrent.ThreadPoolExecutor$Worker::lock (6 bytes)
Event: 13251.603 Thread 0x00000158162fb9c0 nmethod 14324 0x0000015804e1ff10 code [0x0000015804e200c0, 0x0000015804e20200]
Event: 13268.474 Thread 0x00000158162fb9c0 14325   !   3       java.util.concurrent.ThreadPoolExecutor::getTask (177 bytes)
Event: 13268.486 Thread 0x00000158162fb9c0 nmethod 14325 0x0000015804e20290 code [0x0000015804e20540, 0x0000015804e21370]
Event: 13281.623 Thread 0x0000015816283fb0 14326       4       java.util.concurrent.ThreadPoolExecutor::afterExecute (1 bytes)
Event: 13281.625 Thread 0x0000015816283fb0 nmethod 14326 0x000001580b935e90 code [0x000001580b936020, 0x000001580b9360a8]
Event: 13451.700 Thread 0x0000015816283fb0 14327       4       java.util.concurrent.ScheduledThreadPoolExecutor::canRunInCurrentRunState (61 bytes)
Event: 13451.703 Thread 0x0000015816283fb0 nmethod 14327 0x000001580b936190 code [0x000001580b936320, 0x000001580b9363f0]
Event: 14232.065 Thread 0x00000158162fb9c0 14328       3       java.util.concurrent.locks.AbstractQueuedSynchronizer::acquire (20 bytes)
Event: 14232.065 Thread 0x00000158162fb9c0 nmethod 14328 0x0000015804e21810 code [0x0000015804e219e0, 0x0000015804e21c50]
Event: 15120.344 Thread 0x00000158162fb9c0 14329 % !   3       java.util.TimerThread::mainLoop @ 0 (232 bytes)
Event: 15120.356 Thread 0x00000158162fb9c0 nmethod 14329% 0x0000015804e21d10 code [0x0000015804e21fe0, 0x0000015804e22f08]
Event: 15376.353 Thread 0x00000158162fb9c0 14330   !   3       java.util.TimerThread::mainLoop (232 bytes)
Event: 15376.354 Thread 0x00000158162fb9c0 nmethod 14330 0x0000015804e23790 code [0x0000015804e23a60, 0x0000015804e248d0]
Event: 15602.818 Thread 0x0000015816283fb0 14331   !   4       java.util.concurrent.locks.LockSupport::parkNanos (56 bytes)
Event: 15602.823 Thread 0x0000015816283fb0 nmethod 14331 0x000001580b936510 code [0x000001580b9366c0, 0x000001580b936838]

GC Heap History (20 events):
Event: 1536.137 GC heap before
{Heap before GC invocations=2120 (full 4):
 PSYoungGen      total 2048K, used 1568K [0x00000000d5580000, 0x00000000d5b80000, 0x0000000100000000)
  eden space 1024K, 100% used [0x00000000d5580000,0x00000000d5680000,0x00000000d5680000)
  from space 1024K, 53% used [0x00000000d5a80000,0x00000000d5b08000,0x00000000d5b80000)
  to   space 1024K, 0% used [0x00000000d5980000,0x00000000d5980000,0x00000000d5a80000)
 ParOldGen       total 884736K, used 884364K [0x0000000080000000, 0x00000000b6000000, 0x00000000d5580000)
  object space 884736K, 99% used [0x0000000080000000,0x00000000b5fa3278,0x00000000b6000000)
 Metaspace       used 76071K, committed 77568K, reserved 1179648K
  class space    used 8462K, committed 9152K, reserved 1048576K
}
Event: 1536.140 GC heap after
{Heap after GC invocations=2120 (full 4):
 PSYoungGen      total 2560K, used 1024K [0x00000000d5580000, 0x00000000d5b00000, 0x0000000100000000)
  eden space 1536K, 0% used [0x00000000d5580000,0x00000000d5580000,0x00000000d5700000)
  from space 1024K, 100% used [0x00000000d5980000,0x00000000d5a80000,0x00000000d5a80000)
  to   space 512K, 0% used [0x00000000d5a80000,0x00000000d5a80000,0x00000000d5b00000)
 ParOldGen       total 885248K, used 884900K [0x0000000080000000, 0x00000000b6080000, 0x00000000d5580000)
  object space 885248K, 99% used [0x0000000080000000,0x00000000b6029278,0x00000000b6080000)
 Metaspace       used 76071K, committed 77568K, reserved 1179648K
  class space    used 8462K, committed 9152K, reserved 1048576K
}
Event: 1536.149 GC heap before
{Heap before GC invocations=2121 (full 4):
 PSYoungGen      total 2560K, used 2560K [0x00000000d5580000, 0x00000000d5b00000, 0x0000000100000000)
  eden space 1536K, 100% used [0x00000000d5580000,0x00000000d5700000,0x00000000d5700000)
  from space 1024K, 100% used [0x00000000d5980000,0x00000000d5a80000,0x00000000d5a80000)
  to   space 512K, 0% used [0x00000000d5a80000,0x00000000d5a80000,0x00000000d5b00000)
 ParOldGen       total 885248K, used 884900K [0x0000000080000000, 0x00000000b6080000, 0x00000000d5580000)
  object space 885248K, 99% used [0x0000000080000000,0x00000000b6029278,0x00000000b6080000)
 Metaspace       used 76071K, committed 77568K, reserved 1179648K
  class space    used 8462K, committed 9152K, reserved 1048576K
}
Event: 1536.153 GC heap after
{Heap after GC invocations=2121 (full 4):
 PSYoungGen      total 2560K, used 512K [0x00000000d5580000, 0x00000000d5d80000, 0x0000000100000000)
  eden space 2048K, 0% used [0x00000000d5580000,0x00000000d5580000,0x00000000d5780000)
  from space 512K, 100% used [0x00000000d5a80000,0x00000000d5b00000,0x00000000d5b00000)
  to   space 3072K, 0% used [0x00000000d5780000,0x00000000d5780000,0x00000000d5a80000)
 ParOldGen       total 887296K, used 886892K [0x0000000080000000, 0x00000000b6280000, 0x00000000d5580000)
  object space 887296K, 99% used [0x0000000080000000,0x00000000b621b278,0x00000000b6280000)
 Metaspace       used 76071K, committed 77568K, reserved 1179648K
  class space    used 8462K, committed 9152K, reserved 1048576K
}
Event: 1536.159 GC heap before
{Heap before GC invocations=2122 (full 4):
 PSYoungGen      total 2560K, used 2560K [0x00000000d5580000, 0x00000000d5d80000, 0x0000000100000000)
  eden space 2048K, 100% used [0x00000000d5580000,0x00000000d5780000,0x00000000d5780000)
  from space 512K, 100% used [0x00000000d5a80000,0x00000000d5b00000,0x00000000d5b00000)
  to   space 3072K, 0% used [0x00000000d5780000,0x00000000d5780000,0x00000000d5a80000)
 ParOldGen       total 887296K, used 886892K [0x0000000080000000, 0x00000000b6280000, 0x00000000d5580000)
  object space 887296K, 99% used [0x0000000080000000,0x00000000b621b278,0x00000000b6280000)
 Metaspace       used 76071K, committed 77568K, reserved 1179648K
  class space    used 8462K, committed 9152K, reserved 1048576K
}
Event: 1536.162 GC heap after
{Heap after GC invocations=2122 (full 4):
 PSYoungGen      total 5120K, used 2080K [0x00000000d5580000, 0x00000000d5d00000, 0x0000000100000000)
  eden space 2048K, 0% used [0x00000000d5580000,0x00000000d5580000,0x00000000d5780000)
  from space 3072K, 67% used [0x00000000d5780000,0x00000000d5988000,0x00000000d5a80000)
  to   space 2560K, 0% used [0x00000000d5a80000,0x00000000d5a80000,0x00000000d5d00000)
 ParOldGen       total 887808K, used 887436K [0x0000000080000000, 0x00000000b6300000, 0x00000000d5580000)
  object space 887808K, 99% used [0x0000000080000000,0x00000000b62a3278,0x00000000b6300000)
 Metaspace       used 76071K, committed 77568K, reserved 1179648K
  class space    used 8462K, committed 9152K, reserved 1048576K
}
Event: 1536.169 GC heap before
{Heap before GC invocations=2123 (full 4):
 PSYoungGen      total 5120K, used 4128K [0x00000000d5580000, 0x00000000d5d00000, 0x0000000100000000)
  eden space 2048K, 100% used [0x00000000d5580000,0x00000000d5780000,0x00000000d5780000)
  from space 3072K, 67% used [0x00000000d5780000,0x00000000d5988000,0x00000000d5a80000)
  to   space 2560K, 0% used [0x00000000d5a80000,0x00000000d5a80000,0x00000000d5d00000)
 ParOldGen       total 887808K, used 887436K [0x0000000080000000, 0x00000000b6300000, 0x00000000d5580000)
  object space 887808K, 99% used [0x0000000080000000,0x00000000b62a3278,0x00000000b6300000)
 Metaspace       used 76071K, committed 77568K, reserved 1179648K
  class space    used 8462K, committed 9152K, reserved 1048576K
}
Event: 1536.172 GC heap after
{Heap after GC invocations=2123 (full 4):
 PSYoungGen      total 5120K, used 2080K [0x00000000d5580000, 0x00000000d5d00000, 0x0000000100000000)
  eden space 2560K, 0% used [0x00000000d5580000,0x00000000d5580000,0x00000000d5800000)
  from space 2560K, 81% used [0x00000000d5a80000,0x00000000d5c88000,0x00000000d5d00000)
  to   space 2560K, 0% used [0x00000000d5800000,0x00000000d5800000,0x00000000d5a80000)
 ParOldGen       total 889856K, used 889500K [0x0000000080000000, 0x00000000b6500000, 0x00000000d5580000)
  object space 889856K, 99% used [0x0000000080000000,0x00000000b64a7278,0x00000000b6500000)
 Metaspace       used 76071K, committed 77568K, reserved 1179648K
  class space    used 8462K, committed 9152K, reserved 1048576K
}
Event: 1536.193 GC heap before
{Heap before GC invocations=2124 (full 4):
 PSYoungGen      total 5120K, used 4639K [0x00000000d5580000, 0x00000000d5d00000, 0x0000000100000000)
  eden space 2560K, 99% used [0x00000000d5580000,0x00000000d57fffb8,0x00000000d5800000)
  from space 2560K, 81% used [0x00000000d5a80000,0x00000000d5c88000,0x00000000d5d00000)
  to   space 2560K, 0% used [0x00000000d5800000,0x00000000d5800000,0x00000000d5a80000)
 ParOldGen       total 889856K, used 889500K [0x0000000080000000, 0x00000000b6500000, 0x00000000d5580000)
  object space 889856K, 99% used [0x0000000080000000,0x00000000b64a7278,0x00000000b6500000)
 Metaspace       used 76071K, committed 77568K, reserved 1179648K
  class space    used 8462K, committed 9152K, reserved 1048576K
}
Event: 1536.197 GC heap after
{Heap after GC invocations=2124 (full 4):
 PSYoungGen      total 5120K, used 2560K [0x00000000d5580000, 0x00000000d6280000, 0x0000000100000000)
  eden space 2560K, 0% used [0x00000000d5580000,0x00000000d5580000,0x00000000d5800000)
  from space 2560K, 100% used [0x00000000d5800000,0x00000000d5a80000,0x00000000d5a80000)
  to   space 5120K, 0% used [0x00000000d5d80000,0x00000000d5d80000,0x00000000d6280000)
 ParOldGen       total 891904K, used 891580K [0x0000000080000000, 0x00000000b6700000, 0x00000000d5580000)
  object space 891904K, 99% used [0x0000000080000000,0x00000000b66af278,0x00000000b6700000)
 Metaspace       used 76071K, committed 77568K, reserved 1179648K
  class space    used 8462K, committed 9152K, reserved 1048576K
}
Event: 1536.206 GC heap before
{Heap before GC invocations=2125 (full 4):
 PSYoungGen      total 5120K, used 5120K [0x00000000d5580000, 0x00000000d6280000, 0x0000000100000000)
  eden space 2560K, 100% used [0x00000000d5580000,0x00000000d5800000,0x00000000d5800000)
  from space 2560K, 100% used [0x00000000d5800000,0x00000000d5a80000,0x00000000d5a80000)
  to   space 5120K, 0% used [0x00000000d5d80000,0x00000000d5d80000,0x00000000d6280000)
 ParOldGen       total 891904K, used 891580K [0x0000000080000000, 0x00000000b6700000, 0x00000000d5580000)
  object space 891904K, 99% used [0x0000000080000000,0x00000000b66af278,0x00000000b6700000)
 Metaspace       used 76071K, committed 77568K, reserved 1179648K
  class space    used 8462K, committed 9152K, reserved 1048576K
}
Event: 1536.211 GC heap after
{Heap after GC invocations=2125 (full 4):
 PSYoungGen      total 6144K, used 2624K [0x00000000d5580000, 0x00000000d6080000, 0x0000000100000000)
  eden space 3072K, 0% used [0x00000000d5580000,0x00000000d5580000,0x00000000d5880000)
  from space 3072K, 85% used [0x00000000d5d80000,0x00000000d6010000,0x00000000d6080000)
  to   space 3584K, 0% used [0x00000000d5980000,0x00000000d5980000,0x00000000d5d00000)
 ParOldGen       total 894464K, used 894124K [0x0000000080000000, 0x00000000b6980000, 0x00000000d5580000)
  object space 894464K, 99% used [0x0000000080000000,0x00000000b692b278,0x00000000b6980000)
 Metaspace       used 76071K, committed 77568K, reserved 1179648K
  class space    used 8462K, committed 9152K, reserved 1048576K
}
Event: 1536.248 GC heap before
{Heap before GC invocations=2126 (full 4):
 PSYoungGen      total 6144K, used 5696K [0x00000000d5580000, 0x00000000d6080000, 0x0000000100000000)
  eden space 3072K, 100% used [0x00000000d5580000,0x00000000d5880000,0x00000000d5880000)
  from space 3072K, 85% used [0x00000000d5d80000,0x00000000d6010000,0x00000000d6080000)
  to   space 3584K, 0% used [0x00000000d5980000,0x00000000d5980000,0x00000000d5d00000)
 ParOldGen       total 894464K, used 894124K [0x0000000080000000, 0x00000000b6980000, 0x00000000d5580000)
  object space 894464K, 99% used [0x0000000080000000,0x00000000b692b278,0x00000000b6980000)
 Metaspace       used 76071K, committed 77568K, reserved 1179648K
  class space    used 8462K, committed 9152K, reserved 1048576K
}
Event: 1536.254 GC heap after
{Heap after GC invocations=2126 (full 4):
 PSYoungGen      total 7680K, used 3104K [0x00000000d5580000, 0x00000000d6080000, 0x0000000100000000)
  eden space 4096K, 0% used [0x00000000d5580000,0x00000000d5580000,0x00000000d5980000)
  from space 3584K, 86% used [0x00000000d5980000,0x00000000d5c88000,0x00000000d5d00000)
  to   space 3584K, 0% used [0x00000000d5d00000,0x00000000d5d00000,0x00000000d6080000)
 ParOldGen       total 897024K, used 896692K [0x0000000080000000, 0x00000000b6c00000, 0x00000000d5580000)
  object space 897024K, 99% used [0x0000000080000000,0x00000000b6bad278,0x00000000b6c00000)
 Metaspace       used 76071K, committed 77568K, reserved 1179648K
  class space    used 8462K, committed 9152K, reserved 1048576K
}
Event: 1536.645 GC heap before
{Heap before GC invocations=2127 (full 4):
 PSYoungGen      total 7680K, used 7200K [0x00000000d5580000, 0x00000000d6080000, 0x0000000100000000)
  eden space 4096K, 100% used [0x00000000d5580000,0x00000000d5980000,0x00000000d5980000)
  from space 3584K, 86% used [0x00000000d5980000,0x00000000d5c88000,0x00000000d5d00000)
  to   space 3584K, 0% used [0x00000000d5d00000,0x00000000d5d00000,0x00000000d6080000)
 ParOldGen       total 897024K, used 896692K [0x0000000080000000, 0x00000000b6c00000, 0x00000000d5580000)
  object space 897024K, 99% used [0x0000000080000000,0x00000000b6bad278,0x00000000b6c00000)
 Metaspace       used 76071K, committed 77568K, reserved 1179648K
  class space    used 8462K, committed 9152K, reserved 1048576K
}
Event: 1536.652 GC heap after
{Heap after GC invocations=2127 (full 4):
 PSYoungGen      total 7680K, used 3080K [0x00000000d5580000, 0x00000000d6180000, 0x0000000100000000)
  eden space 4096K, 0% used [0x00000000d5580000,0x00000000d5580000,0x00000000d5980000)
  from space 3584K, 85% used [0x00000000d5d00000,0x00000000d6002000,0x00000000d6080000)
  to   space 3584K, 0% used [0x00000000d5980000,0x00000000d5980000,0x00000000d5d00000)
 ParOldGen       total 900096K, used 899780K [0x0000000080000000, 0x00000000b6f00000, 0x00000000d5580000)
  object space 900096K, 99% used [0x0000000080000000,0x00000000b6eb1278,0x00000000b6f00000)
 Metaspace       used 76071K, committed 77568K, reserved 1179648K
  class space    used 8462K, committed 9152K, reserved 1048576K
}
Event: 1537.082 GC heap before
{Heap before GC invocations=2128 (full 4):
 PSYoungGen      total 7680K, used 7176K [0x00000000d5580000, 0x00000000d6180000, 0x0000000100000000)
  eden space 4096K, 100% used [0x00000000d5580000,0x00000000d5980000,0x00000000d5980000)
  from space 3584K, 85% used [0x00000000d5d00000,0x00000000d6002000,0x00000000d6080000)
  to   space 3584K, 0% used [0x00000000d5980000,0x00000000d5980000,0x00000000d5d00000)
 ParOldGen       total 900096K, used 899780K [0x0000000080000000, 0x00000000b6f00000, 0x00000000d5580000)
  object space 900096K, 99% used [0x0000000080000000,0x00000000b6eb1278,0x00000000b6f00000)
 Metaspace       used 76071K, committed 77568K, reserved 1179648K
  class space    used 8462K, committed 9152K, reserved 1048576K
}
Event: 1537.092 GC heap after
{Heap after GC invocations=2128 (full 4):
 PSYoungGen      total 7680K, used 3568K [0x00000000d5580000, 0x00000000d6680000, 0x0000000100000000)
  eden space 4096K, 0% used [0x00000000d5580000,0x00000000d5580000,0x00000000d5980000)
  from space 3584K, 99% used [0x00000000d5980000,0x00000000d5cfc000,0x00000000d5d00000)
  to   space 6656K, 0% used [0x00000000d6000000,0x00000000d6000000,0x00000000d6680000)
 ParOldGen       total 902656K, used 902252K [0x0000000080000000, 0x00000000b7180000, 0x00000000d5580000)
  object space 902656K, 99% used [0x0000000080000000,0x00000000b711b278,0x00000000b7180000)
 Metaspace       used 76071K, committed 77568K, reserved 1179648K
  class space    used 8462K, committed 9152K, reserved 1048576K
}
Event: 2479.706 GC heap before
{Heap before GC invocations=2129 (full 4):
 PSYoungGen      total 7680K, used 7663K [0x00000000d5580000, 0x00000000d6680000, 0x0000000100000000)
  eden space 4096K, 99% used [0x00000000d5580000,0x00000000d597fff8,0x00000000d5980000)
  from space 3584K, 99% used [0x00000000d5980000,0x00000000d5cfc000,0x00000000d5d00000)
  to   space 6656K, 0% used [0x00000000d6000000,0x00000000d6000000,0x00000000d6680000)
 ParOldGen       total 902656K, used 902252K [0x0000000080000000, 0x00000000b7180000, 0x00000000d5580000)
  object space 902656K, 99% used [0x0000000080000000,0x00000000b711b278,0x00000000b7180000)
 Metaspace       used 76087K, committed 77632K, reserved 1179648K
  class space    used 8462K, committed 9152K, reserved 1048576K
}
Event: 2479.712 GC heap after
{Heap after GC invocations=2129 (full 4):
 PSYoungGen      total 4608K, used 210K [0x00000000d5580000, 0x00000000d6080000, 0x0000000100000000)
  eden space 4096K, 0% used [0x00000000d5580000,0x00000000d5580000,0x00000000d5980000)
  from space 512K, 41% used [0x00000000d6000000,0x00000000d6034808,0x00000000d6080000)
  to   space 2560K, 0% used [0x00000000d5b80000,0x00000000d5b80000,0x00000000d5e00000)
 ParOldGen       total 906240K, used 905828K [0x0000000080000000, 0x00000000b7500000, 0x00000000d5580000)
  object space 906240K, 99% used [0x0000000080000000,0x00000000b7499278,0x00000000b7500000)
 Metaspace       used 76087K, committed 77632K, reserved 1179648K
  class space    used 8462K, committed 9152K, reserved 1048576K
}

Dll operation events (15 events):
Event: 0.123 Loaded shared library c:\Users\FEBINB\.vscode\extensions\redhat.java-1.44.0-win32-x64\jre\21.0.8-win32-x86_64\bin\java.dll
Event: 0.645 Loaded shared library c:\Users\FEBINB\.vscode\extensions\redhat.java-1.44.0-win32-x64\jre\21.0.8-win32-x86_64\bin\zip.dll
Event: 0.732 Loaded shared library C:\Users\FEBINB\.vscode\extensions\redhat.java-1.44.0-win32-x64\jre\21.0.8-win32-x86_64\bin\instrument.dll
Event: 0.807 Loaded shared library C:\Users\FEBINB\.vscode\extensions\redhat.java-1.44.0-win32-x64\jre\21.0.8-win32-x86_64\bin\net.dll
Event: 0.814 Loaded shared library C:\Users\FEBINB\.vscode\extensions\redhat.java-1.44.0-win32-x64\jre\21.0.8-win32-x86_64\bin\nio.dll
Event: 0.837 Loaded shared library C:\Users\FEBINB\.vscode\extensions\redhat.java-1.44.0-win32-x64\jre\21.0.8-win32-x86_64\bin\zip.dll
Event: 1.168 Loaded shared library C:\Users\FEBINB\.vscode\extensions\redhat.java-1.44.0-win32-x64\jre\21.0.8-win32-x86_64\bin\jimage.dll
Event: 1.390 Loaded shared library c:\Users\FEBINB\.vscode\extensions\redhat.java-1.44.0-win32-x64\jre\21.0.8-win32-x86_64\bin\verify.dll
Event: 6.087 Loaded shared library C:\Users\FEBINB\AppData\Roaming\Code\User\globalStorage\redhat.java\1.44.0\config_win\org.eclipse.equinox.launcher\org.eclipse.equinox.launcher.win32.win32.x86_64_1.2.1400.v20250730-1736\eclipse_11913.dll
Event: 30.695 Loaded shared library C:\Users\FEBINB\AppData\Local\Temp\jna-2069802362\jna14714694193274427657.dll
Event: 33.500 Loaded shared library C:\Users\FEBINB\.vscode\extensions\redhat.java-1.44.0-win32-x64\jre\21.0.8-win32-x86_64\bin\sunmscapi.dll
Event: 33.840 Loaded shared library C:\Users\FEBINB\.vscode\extensions\redhat.java-1.44.0-win32-x64\jre\21.0.8-win32-x86_64\bin\extnet.dll
Event: 47.676 Loaded shared library C:\Users\FEBINB\.gradle\native\c067742578af261105cb4f569cf0c3c89f3d7b1fecec35dd04571415982c5e48\windows-amd64\native-platform.dll
Event: 49.427 Loaded shared library C:\Users\FEBINB\.vscode\extensions\redhat.java-1.44.0-win32-x64\jre\21.0.8-win32-x86_64\bin\management.dll
Event: 49.433 Loaded shared library C:\Users\FEBINB\.vscode\extensions\redhat.java-1.44.0-win32-x64\jre\21.0.8-win32-x86_64\bin\management_ext.dll

Deoptimization events (20 events):
Event: 1533.203 Thread 0x000001585c603f20 DEOPT PACKING pc=0x000001580af27e68 sp=0x0000004089efeb70
Event: 1533.203 Thread 0x000001585c603f20 DEOPT UNPACKING pc=0x000001580a6b3aa2 sp=0x0000004089efeae8 mode 2
Event: 1533.318 Thread 0x000001585c603f20 Uncommon trap: trap_request=0xffffff6e fr.pc=0x000001580b907e58 relative=0x00000000000007b8
Event: 1533.318 Thread 0x000001585c603f20 Uncommon trap: reason=loop_limit_check action=maybe_recompile pc=0x000001580b907e58 method=org.eclipse.jdt.internal.compiler.util.SimpleSet.rehash()V @ 44 c2
Event: 1533.318 Thread 0x000001585c603f20 DEOPT PACKING pc=0x000001580b907e58 sp=0x0000004089efec80
Event: 1533.318 Thread 0x000001585c603f20 DEOPT UNPACKING pc=0x000001580a6b3aa2 sp=0x0000004089efec30 mode 2
Event: 1534.485 Thread 0x000001585c603f20 Uncommon trap: trap_request=0xfffffff4 fr.pc=0x000001580b904604 relative=0x0000000000002d44
Event: 1534.485 Thread 0x000001585c603f20 Uncommon trap: reason=null_check action=make_not_entrant pc=0x000001580b904604 method=org.eclipse.jdt.internal.core.index.DiskIndex.mergeCategory([CLorg/eclipse/jdt/internal/core/index/DiskIndex;[ILjava/io/OutputStream;)V @ 8 c2
Event: 1534.485 Thread 0x000001585c603f20 DEOPT PACKING pc=0x000001580b904604 sp=0x0000004089efea30
Event: 1534.485 Thread 0x000001585c603f20 DEOPT UNPACKING pc=0x000001580a6b3aa2 sp=0x0000004089efea30 mode 2
Event: 1534.673 Thread 0x00000158619747c0 Uncommon trap: trap_request=0xffffffe4 fr.pc=0x000001580b8fc290 relative=0x00000000000002f0
Event: 1534.673 Thread 0x00000158619747c0 Uncommon trap: reason=range_check action=make_not_entrant pc=0x000001580b8fc290 method=org.eclipse.jdt.internal.compiler.lookup.Scope.getBaseType([C)Lorg/eclipse/jdt/internal/compiler/lookup/TypeBinding; @ 16 c2
Event: 1534.673 Thread 0x00000158619747c0 DEOPT PACKING pc=0x000001580b8fc290 sp=0x0000004089cfeae0
Event: 1534.674 Thread 0x00000158619747c0 DEOPT UNPACKING pc=0x000001580a6b3aa2 sp=0x0000004089cfea68 mode 2
Event: 1725.788 Thread 0x000001585c6045b0 Uncommon trap: trap_request=0xffffffc6 fr.pc=0x000001580b854678 relative=0x0000000000001718
Event: 1725.788 Thread 0x000001585c6045b0 Uncommon trap: reason=bimorphic_or_optimized_type_check action=maybe_recompile pc=0x000001580b854678 method=org.eclipse.core.internal.dtree.AbstractDataTreeNode.assembleWith([Lorg/eclipse/core/internal/dtree/AbstractDataTreeNode;[Lorg/eclipse/core/interna
Event: 1725.788 Thread 0x000001585c6045b0 DEOPT PACKING pc=0x000001580b854678 sp=0x0000004089ffebd0
Event: 1725.788 Thread 0x000001585c6045b0 DEOPT UNPACKING pc=0x000001580a6b3aa2 sp=0x0000004089ffeba0 mode 2
Event: 6631.358 Thread 0x000001585c6045b0 DEOPT PACKING pc=0x0000015803db1fab sp=0x0000004089ffecf0
Event: 6631.358 Thread 0x000001585c6045b0 DEOPT UNPACKING pc=0x000001580a6b4242 sp=0x0000004089ffe160 mode 0

Classes loaded (20 events):
Event: 138.271 Loading class java/util/AbstractList$SubList$1
Event: 138.271 Loading class java/util/AbstractList$SubList$1 done
Event: 338.006 Loading class java/util/stream/Nodes$CollectorTask$OfRef
Event: 338.006 Loading class java/util/stream/Nodes$CollectorTask
Event: 338.007 Loading class java/util/stream/Nodes$CollectorTask done
Event: 338.007 Loading class java/util/stream/Nodes$CollectorTask$OfRef done
Event: 338.023 Loading class java/util/function/LongFunction
Event: 338.023 Loading class java/util/function/LongFunction done
Event: 338.023 Loading class java/util/stream/Nodes$ConcNode
Event: 338.023 Loading class java/util/stream/Nodes$AbstractConcNode
Event: 338.023 Loading class java/util/stream/Nodes$AbstractConcNode done
Event: 338.023 Loading class java/util/stream/Nodes$ConcNode done
Event: 338.038 Loading class java/io/ObjectOutputStream$BlockDataOutputStream
Event: 338.038 Loading class java/io/ObjectOutputStream$BlockDataOutputStream done
Event: 338.038 Loading class java/io/ObjectOutputStream$HandleTable
Event: 338.038 Loading class java/io/ObjectOutputStream$HandleTable done
Event: 338.039 Loading class java/io/ObjectOutputStream$ReplaceTable
Event: 338.039 Loading class java/io/ObjectOutputStream$ReplaceTable done
Event: 1488.407 Loading class java/util/ImmutableCollections$SubList
Event: 1488.408 Loading class java/util/ImmutableCollections$SubList done

Classes unloaded (7 events):
Event: 31.616 Thread 0x000001581626f950 Unloading class 0x00000158181ac800 'java/lang/invoke/LambdaForm$MH+0x00000158181ac800'
Event: 31.616 Thread 0x000001581626f950 Unloading class 0x00000158181ac400 'java/lang/invoke/LambdaForm$MH+0x00000158181ac400'
Event: 31.616 Thread 0x000001581626f950 Unloading class 0x00000158181ac000 'java/lang/invoke/LambdaForm$MH+0x00000158181ac000'
Event: 31.616 Thread 0x000001581626f950 Unloading class 0x00000158181abc00 'java/lang/invoke/LambdaForm$MH+0x00000158181abc00'
Event: 31.616 Thread 0x000001581626f950 Unloading class 0x00000158181ab800 'java/lang/invoke/LambdaForm$BMH+0x00000158181ab800'
Event: 31.616 Thread 0x000001581626f950 Unloading class 0x00000158181ab400 'java/lang/invoke/LambdaForm$DMH+0x00000158181ab400'
Event: 31.616 Thread 0x000001581626f950 Unloading class 0x00000158181aa000 'java/lang/invoke/LambdaForm$DMH+0x00000158181aa000'

Classes redefined (0 events):
No events

Internal exceptions (20 events):
Event: 773.866 Thread 0x000001585d58c6f0 Exception <a 'sun/nio/fs/WindowsException'{0x00000000d55ae840}> (0x00000000d55ae840) 
thrown [s\src\hotspot\share\prims\jni.cpp, line 520]
Event: 773.871 Thread 0x000001585d58c6f0 Exception <a 'sun/nio/fs/WindowsException'{0x00000000d55e39b0}> (0x00000000d55e39b0) 
thrown [s\src\hotspot\share\prims\jni.cpp, line 520]
Event: 773.871 Thread 0x000001585d58c6f0 Exception <a 'sun/nio/fs/WindowsException'{0x00000000d55e3ed8}> (0x00000000d55e3ed8) 
thrown [s\src\hotspot\share\prims\jni.cpp, line 520]
Event: 774.029 Thread 0x000001585d58c6f0 Exception <a 'sun/nio/fs/WindowsException'{0x00000000d564ccb0}> (0x00000000d564ccb0) 
thrown [s\src\hotspot\share\prims\jni.cpp, line 520]
Event: 774.029 Thread 0x000001585d58c6f0 Exception <a 'sun/nio/fs/WindowsException'{0x00000000d564d1d8}> (0x00000000d564d1d8) 
thrown [s\src\hotspot\share\prims\jni.cpp, line 520]
Event: 774.038 Thread 0x000001585d58c6f0 Exception <a 'sun/nio/fs/WindowsException'{0x00000000d5582278}> (0x00000000d5582278) 
thrown [s\src\hotspot\share\prims\jni.cpp, line 520]
Event: 774.038 Thread 0x000001585d58c6f0 Exception <a 'sun/nio/fs/WindowsException'{0x00000000d55827a0}> (0x00000000d55827a0) 
thrown [s\src\hotspot\share\prims\jni.cpp, line 520]
Event: 774.164 Thread 0x000001585d58c6f0 Exception <a 'sun/nio/fs/WindowsException'{0x00000000d55ec080}> (0x00000000d55ec080) 
thrown [s\src\hotspot\share\prims\jni.cpp, line 520]
Event: 774.164 Thread 0x000001585d58c6f0 Exception <a 'sun/nio/fs/WindowsException'{0x00000000d55ec5b8}> (0x00000000d55ec5b8) 
thrown [s\src\hotspot\share\prims\jni.cpp, line 520]
Event: 774.170 Thread 0x000001585d58c6f0 Exception <a 'sun/nio/fs/WindowsException'{0x00000000d5621930}> (0x00000000d5621930) 
thrown [s\src\hotspot\share\prims\jni.cpp, line 520]
Event: 774.170 Thread 0x000001585d58c6f0 Exception <a 'sun/nio/fs/WindowsException'{0x00000000d5621e68}> (0x00000000d5621e68) 
thrown [s\src\hotspot\share\prims\jni.cpp, line 520]
Event: 1488.421 Thread 0x000001585c603f20 Implicit null exception at 0x000001580b61eac1 to 0x000001580b620648
Event: 1488.463 Thread 0x000001585c603f20 Exception <a 'sun/nio/fs/WindowsException'{0x00000000d567a590}> (0x00000000d567a590) 
thrown [s\src\hotspot\share\prims\jni.cpp, line 520]
Event: 1492.931 Thread 0x000001585c603f20 Exception <a 'sun/nio/fs/WindowsException'{0x00000000d568a098}> (0x00000000d568a098) 
thrown [s\src\hotspot\share\prims\jni.cpp, line 520]
Event: 1530.174 Thread 0x000001585c603f20 Exception <a 'sun/nio/fs/WindowsException'{0x00000000d5605208}> (0x00000000d5605208) 
thrown [s\src\hotspot\share\prims\jni.cpp, line 520]
Event: 1533.179 Thread 0x000001585c603f20 Exception <a 'sun/nio/fs/WindowsException'{0x00000000d595c8f0}> (0x00000000d595c8f0) 
thrown [s\src\hotspot\share\prims\jni.cpp, line 520]
Event: 1533.203 Thread 0x000001585c603f20 Implicit null exception at 0x000001580af2741f to 0x000001580af27e48
Event: 1534.485 Thread 0x000001585c603f20 Implicit null exception at 0x000001580b901d64 to 0x000001580b9045dc
Event: 1534.510 Thread 0x000001585c603f20 Exception <a 'sun/nio/fs/WindowsException'{0x00000000d5817c10}> (0x00000000d5817c10) 
thrown [s\src\hotspot\share\prims\jni.cpp, line 520]
Event: 1537.073 Thread 0x000001585c603f20 Exception <a 'sun/nio/fs/WindowsException'{0x00000000d59736f0}> (0x00000000d59736f0) 
thrown [s\src\hotspot\share\prims\jni.cpp, line 520]

ZGC Phase Switch (0 events):
No events

VM Operations (20 events):
Event: 16899.322 Executing VM operation: HandshakeAllThreads (HandshakeForDeflation)
Event: 16899.322 Executing VM operation: HandshakeAllThreads (HandshakeForDeflation) done
Event: 16899.322 Executing VM operation: RendezvousGCThreads
Event: 16899.322 Executing VM operation: RendezvousGCThreads done
Event: 16959.538 Executing VM operation: HandshakeAllThreads (HandshakeForDeflation)
Event: 16959.538 Executing VM operation: HandshakeAllThreads (HandshakeForDeflation) done
Event: 16959.539 Executing VM operation: RendezvousGCThreads
Event: 16959.539 Executing VM operation: RendezvousGCThreads done
Event: 17260.318 Executing VM operation: HandshakeAllThreads (HandshakeForDeflation)
Event: 17260.318 Executing VM operation: HandshakeAllThreads (HandshakeForDeflation) done
Event: 17260.318 Executing VM operation: RendezvousGCThreads
Event: 17260.318 Executing VM operation: RendezvousGCThreads done
Event: 17380.503 Executing VM operation: HandshakeAllThreads (HandshakeForDeflation)
Event: 17380.503 Executing VM operation: HandshakeAllThreads (HandshakeForDeflation) done
Event: 17380.503 Executing VM operation: RendezvousGCThreads
Event: 17380.503 Executing VM operation: RendezvousGCThreads done
Event: 17440.521 Executing VM operation: HandshakeAllThreads (HandshakeForDeflation)
Event: 17440.521 Executing VM operation: HandshakeAllThreads (HandshakeForDeflation) done
Event: 17440.521 Executing VM operation: RendezvousGCThreads
Event: 17440.521 Executing VM operation: RendezvousGCThreads done

Memory protections (0 events):
No events

Nmethod flushes (20 events):
Event: 95.022 Thread 0x000001581626f950 flushing  nmethod 0x00000158040d6590
Event: 95.022 Thread 0x000001581626f950 flushing  nmethod 0x00000158040dfb90
Event: 95.022 Thread 0x000001581626f950 flushing  nmethod 0x00000158040e7c10
Event: 95.022 Thread 0x000001581626f950 flushing  nmethod 0x00000158040f5690
Event: 95.022 Thread 0x000001581626f950 flushing  nmethod 0x0000015804115390
Event: 95.022 Thread 0x000001581626f950 flushing  nmethod 0x0000015804118110
Event: 95.022 Thread 0x000001581626f950 flushing osr nmethod 0x000001580411d090
Event: 95.022 Thread 0x000001581626f950 flushing  nmethod 0x0000015804126710
Event: 95.022 Thread 0x000001581626f950 flushing  nmethod 0x0000015804138b90
Event: 95.022 Thread 0x000001581626f950 flushing  nmethod 0x000001580413f590
Event: 95.022 Thread 0x000001581626f950 flushing  nmethod 0x000001580414c110
Event: 95.022 Thread 0x000001581626f950 flushing  nmethod 0x000001580416c410
Event: 95.022 Thread 0x000001581626f950 flushing  nmethod 0x0000015804175490
Event: 95.022 Thread 0x000001581626f950 flushing  nmethod 0x0000015804175890
Event: 95.022 Thread 0x000001581626f950 flushing  nmethod 0x0000015804175e10
Event: 95.022 Thread 0x000001581626f950 flushing  nmethod 0x000001580417c510
Event: 95.022 Thread 0x000001581626f950 flushing  nmethod 0x0000015804180490
Event: 95.022 Thread 0x000001581626f950 flushing  nmethod 0x0000015804211890
Event: 95.022 Thread 0x000001581626f950 flushing  nmethod 0x0000015804212590
Event: 95.022 Thread 0x000001581626f950 flushing osr nmethod 0x0000015804238010

Events (20 events):
Event: 659.949 Thread 0x000001585c6045b0 Thread added: 0x00000158619747c0
Event: 659.968 Thread 0x00000158619747c0 Thread exited: 0x00000158619747c0
Event: 660.256 Thread 0x0000015816283fb0 Thread added: 0x000001585dc30ac0
Event: 665.443 Thread 0x000001585dc30ac0 Thread exited: 0x000001585dc30ac0
Event: 1387.312 Thread 0x000001585c6045b0 Thread added: 0x00000158619747c0
Event: 1387.313 Thread 0x00000158619747c0 Thread exited: 0x00000158619747c0
Event: 1488.778 Thread 0x000001585d58d410 Thread added: 0x0000015861972060
Event: 1488.778 Thread 0x000001585d58d410 Thread added: 0x0000015861974e50
Event: 1488.938 Thread 0x00000158162fb9c0 Thread added: 0x000001585c1f5e90
Event: 1489.190 Thread 0x000001585d58d410 Thread added: 0x00000158619747c0
Event: 1490.511 Thread 0x000001585c1f5e90 Thread exited: 0x000001585c1f5e90
Event: 1492.973 Thread 0x0000015816283fb0 Thread added: 0x000001585c9dcf80
Event: 1493.549 Thread 0x000001585c9dcf80 Thread exited: 0x000001585c9dcf80
Event: 1530.351 Thread 0x00000158162fb9c0 Thread added: 0x000001585c2512d0
Event: 1533.164 Thread 0x000001585c2512d0 Thread exited: 0x000001585c2512d0
Event: 1594.705 Thread 0x00000158619747c0 Thread exited: 0x00000158619747c0
Event: 1725.641 Thread 0x000001585c6045b0 Thread added: 0x0000015861972d80
Event: 1725.786 Thread 0x0000015861972d80 Thread exited: 0x0000015861972d80
Event: 1830.349 Thread 0x0000015861972060 Thread exited: 0x0000015861972060
Event: 1834.686 Thread 0x0000015861974e50 Thread exited: 0x0000015861974e50


Dynamic libraries:
0x00007ff7bc640000 - 0x00007ff7bc64e000 	c:\Users\FEBINB\.vscode\extensions\redhat.java-1.44.0-win32-x64\jre\21.0.8-win32-x86_64\bin\java.exe
0x00007ffed8ca0000 - 0x00007ffed8f07000 	C:\Windows\SYSTEM32\ntdll.dll
0x00007ffed7540000 - 0x00007ffed7609000 	C:\Windows\System32\KERNEL32.DLL
0x00007ffed62c0000 - 0x00007ffed66b0000 	C:\Windows\System32\KERNELBASE.dll
0x00007ffed5e70000 - 0x00007ffed5fbb000 	C:\Windows\System32\ucrtbase.dll
0x00007ffeccfc0000 - 0x00007ffeccfd8000 	c:\Users\FEBINB\.vscode\extensions\redhat.java-1.44.0-win32-x64\jre\21.0.8-win32-x86_64\bin\jli.dll
0x00007ffed78a0000 - 0x00007ffed7a65000 	C:\Windows\System32\USER32.dll
0x00007ffed66c0000 - 0x00007ffed66e7000 	C:\Windows\System32\win32u.dll
0x00007ffed7f50000 - 0x00007ffed7f7b000 	C:\Windows\System32\GDI32.dll
0x00007ffed66f0000 - 0x00007ffed6828000 	C:\Windows\System32\gdi32full.dll
0x00007ffed6830000 - 0x00007ffed68d3000 	C:\Windows\System32\msvcp_win.dll
0x00007ffecb0a0000 - 0x00007ffecb0be000 	c:\Users\FEBINB\.vscode\extensions\redhat.java-1.44.0-win32-x64\jre\21.0.8-win32-x86_64\bin\VCRUNTIME140.dll
0x00007ffeacf40000 - 0x00007ffead1da000 	C:\Windows\WinSxS\amd64_microsoft.windows.common-controls_6595b64144ccf1df_6.0.26100.4768_none_3e0c112ce331287c\COMCTL32.dll
0x00007ffed81d0000 - 0x00007ffed8279000 	C:\Windows\System32\msvcrt.dll
0x00007ffed6f70000 - 0x00007ffed6f9f000 	C:\Windows\System32\IMM32.DLL
0x000001587d670000 - 0x000001587d686000 	C:\Windows\System32\umppc19907.dll
0x000001587d6b0000 - 0x000001587d6c3000 	C:\Windows\System32\CsXumd64_19907.dll
0x00007ffecf330000 - 0x00007ffecf33c000 	c:\Users\FEBINB\.vscode\extensions\redhat.java-1.44.0-win32-x64\jre\21.0.8-win32-x86_64\bin\vcruntime140_1.dll
0x00007ffe88aa0000 - 0x00007ffe88b2d000 	c:\Users\FEBINB\.vscode\extensions\redhat.java-1.44.0-win32-x64\jre\21.0.8-win32-x86_64\bin\msvcp140.dll
0x00007ffe68ed0000 - 0x00007ffe69c67000 	c:\Users\FEBINB\.vscode\extensions\redhat.java-1.44.0-win32-x64\jre\21.0.8-win32-x86_64\bin\server\jvm.dll
0x00007ffed7610000 - 0x00007ffed76c4000 	C:\Windows\System32\ADVAPI32.dll
0x00007ffed76d0000 - 0x00007ffed7776000 	C:\Windows\System32\sechost.dll
0x00007ffed8b40000 - 0x00007ffed8c58000 	C:\Windows\System32\RPCRT4.dll
0x00007ffed6ec0000 - 0x00007ffed6f34000 	C:\Windows\System32\WS2_32.dll
0x00007ffed5c50000 - 0x00007ffed5cae000 	C:\Windows\SYSTEM32\POWRPROF.dll
0x00007ffeb6ab0000 - 0x00007ffeb6ae5000 	C:\Windows\SYSTEM32\WINMM.dll
0x00007ffecaad0000 - 0x00007ffecaadb000 	C:\Windows\SYSTEM32\VERSION.dll
0x00007ffed5c30000 - 0x00007ffed5c44000 	C:\Windows\SYSTEM32\UMPDC.dll
0x00007ffed49e0000 - 0x00007ffed49fb000 	C:\Windows\SYSTEM32\kernel.appcore.dll
0x00007ffece070000 - 0x00007ffece07a000 	c:\Users\FEBINB\.vscode\extensions\redhat.java-1.44.0-win32-x64\jre\21.0.8-win32-x86_64\bin\jimage.dll
0x00007ffec9820000 - 0x00007ffec9a61000 	C:\Windows\SYSTEM32\DBGHELP.DLL
0x00007ffed70b0000 - 0x00007ffed7435000 	C:\Windows\System32\combase.dll
0x00007ffed6fb0000 - 0x00007ffed7090000 	C:\Windows\System32\OLEAUT32.dll
0x00007ffec9470000 - 0x00007ffec94b3000 	C:\Windows\SYSTEM32\dbgcore.DLL
0x00007ffed5dd0000 - 0x00007ffed5e69000 	C:\Windows\System32\bcryptPrimitives.dll
0x00007ffecdf20000 - 0x00007ffecdf2f000 	c:\Users\FEBINB\.vscode\extensions\redhat.java-1.44.0-win32-x64\jre\21.0.8-win32-x86_64\bin\instrument.dll
0x00007ffeb17e0000 - 0x00007ffeb17ff000 	c:\Users\FEBINB\.vscode\extensions\redhat.java-1.44.0-win32-x64\jre\21.0.8-win32-x86_64\bin\java.dll
0x00007ffed8380000 - 0x00007ffed8acd000 	C:\Windows\System32\SHELL32.dll
0x00007ffed5fc0000 - 0x00007ffed6133000 	C:\Windows\System32\wintypes.dll
0x00007ffed3650000 - 0x00007ffed3eb0000 	C:\Windows\SYSTEM32\windows.storage.dll
0x00007ffed8280000 - 0x00007ffed8375000 	C:\Windows\System32\SHCORE.dll
0x00007ffed8ad0000 - 0x00007ffed8b3a000 	C:\Windows\System32\shlwapi.dll
0x00007ffed5cf0000 - 0x00007ffed5d19000 	C:\Windows\SYSTEM32\profapi.dll
0x00007ffeafcc0000 - 0x00007ffeafcd8000 	c:\Users\FEBINB\.vscode\extensions\redhat.java-1.44.0-win32-x64\jre\21.0.8-win32-x86_64\bin\zip.dll
0x00007ffecde00000 - 0x00007ffecde10000 	C:\Users\FEBINB\.vscode\extensions\redhat.java-1.44.0-win32-x64\jre\21.0.8-win32-x86_64\bin\net.dll
0x00007ffed4a00000 - 0x00007ffed4b1e000 	C:\Windows\SYSTEM32\WINHTTP.dll
0x00007ffed5080000 - 0x00007ffed50eb000 	C:\Windows\system32\mswsock.dll
0x00007ffeacf00000 - 0x00007ffeacf16000 	C:\Users\FEBINB\.vscode\extensions\redhat.java-1.44.0-win32-x64\jre\21.0.8-win32-x86_64\bin\nio.dll
0x00007ffecd5a0000 - 0x00007ffecd5b0000 	c:\Users\FEBINB\.vscode\extensions\redhat.java-1.44.0-win32-x64\jre\21.0.8-win32-x86_64\bin\verify.dll
0x00007ffe9a400000 - 0x00007ffe9a445000 	C:\Users\FEBINB\AppData\Roaming\Code\User\globalStorage\redhat.java\1.44.0\config_win\org.eclipse.equinox.launcher\org.eclipse.equinox.launcher.win32.win32.x86_64_1.2.1400.v20250730-1736\eclipse_11913.dll
0x00007ffed7d10000 - 0x00007ffed7eb0000 	C:\Windows\System32\ole32.dll
0x00007ffed5460000 - 0x00007ffed547b000 	C:\Windows\SYSTEM32\CRYPTSP.dll
0x00007ffed4940000 - 0x00007ffed497b000 	C:\Windows\system32\rsaenh.dll
0x00007ffed5120000 - 0x00007ffed514b000 	C:\Windows\SYSTEM32\USERENV.dll
0x00007ffed5cc0000 - 0x00007ffed5ce6000 	C:\Windows\SYSTEM32\bcrypt.dll
0x00007ffed5440000 - 0x00007ffed544c000 	C:\Windows\SYSTEM32\CRYPTBASE.dll
0x00007ffed4160000 - 0x00007ffed4193000 	C:\Windows\SYSTEM32\IPHLPAPI.DLL
0x00007ffed6f40000 - 0x00007ffed6f4a000 	C:\Windows\System32\NSI.dll
0x00007ffe86d80000 - 0x00007ffe86dc9000 	C:\Users\FEBINB\AppData\Local\Temp\jna-2069802362\jna14714694193274427657.dll
0x00007ffed6f50000 - 0x00007ffed6f58000 	C:\Windows\System32\PSAPI.DLL
0x00007ffecff00000 - 0x00007ffecff1f000 	C:\Windows\SYSTEM32\dhcpcsvc6.DLL
0x00007ffecfc80000 - 0x00007ffecfca5000 	C:\Windows\SYSTEM32\dhcpcsvc.DLL
0x00007ffec97d0000 - 0x00007ffec97de000 	C:\Users\FEBINB\.vscode\extensions\redhat.java-1.44.0-win32-x64\jre\21.0.8-win32-x86_64\bin\sunmscapi.dll
0x00007ffed6140000 - 0x00007ffed62b7000 	C:\Windows\System32\CRYPT32.dll
0x00007ffed55c0000 - 0x00007ffed55f0000 	C:\Windows\SYSTEM32\ncrypt.dll
0x00007ffed5570000 - 0x00007ffed55af000 	C:\Windows\SYSTEM32\NTASN1.dll
0x00007ffed41a0000 - 0x00007ffed42c6000 	C:\Windows\SYSTEM32\DNSAPI.dll
0x00007ffecc790000 - 0x00007ffecc79b000 	C:\Windows\System32\rasadhlp.dll
0x00007ffece700000 - 0x00007ffece786000 	C:\Windows\System32\fwpuclnt.dll
0x00007ffec32e0000 - 0x00007ffec32e9000 	C:\Users\FEBINB\.vscode\extensions\redhat.java-1.44.0-win32-x64\jre\21.0.8-win32-x86_64\bin\extnet.dll
0x00007ffe67bb0000 - 0x00007ffe67bd7000 	C:\Users\FEBINB\.gradle\native\c067742578af261105cb4f569cf0c3c89f3d7b1fecec35dd04571415982c5e48\windows-amd64\native-platform.dll
0x00007ffecb070000 - 0x00007ffecb07a000 	C:\Users\FEBINB\.vscode\extensions\redhat.java-1.44.0-win32-x64\jre\21.0.8-win32-x86_64\bin\management.dll
0x00007ffecaff0000 - 0x00007ffecaffb000 	C:\Users\FEBINB\.vscode\extensions\redhat.java-1.44.0-win32-x64\jre\21.0.8-win32-x86_64\bin\management_ext.dll

JVMTI agents:
c:\Users\FEBINB\.vscode\extensions\redhat.java-1.44.0-win32-x64\lombok\lombok-1.18.39-4050.jar path:c:\Users\FEBINB\.vscode\extensions\redhat.java-1.44.0-win32-x64\jre\21.0.8-win32-x86_64\bin\instrument.dll, loaded, initialized, instrumentlib options:none

dbghelp: loaded successfully - version: 4.0.5 - missing functions: none
symbol engine: initialized successfully - sym options: 0x614 - pdb path: .;c:\Users\FEBINB\.vscode\extensions\redhat.java-1.44.0-win32-x64\jre\21.0.8-win32-x86_64\bin;C:\Windows\SYSTEM32;C:\Windows\WinSxS\amd64_microsoft.windows.common-controls_6595b64144ccf1df_6.0.26100.4768_none_3e0c112ce331287c;c:\Users\FEBINB\.vscode\extensions\redhat.java-1.44.0-win32-x64\jre\21.0.8-win32-x86_64\bin\server;C:\Users\FEBINB\AppData\Roaming\Code\User\globalStorage\redhat.java\1.44.0\config_win\org.eclipse.equinox.launcher\org.eclipse.equinox.launcher.win32.win32.x86_64_1.2.1400.v20250730-1736;C:\Users\FEBINB\AppData\Local\Temp\jna-2069802362;C:\Users\FEBINB\.gradle\native\c067742578af261105cb4f569cf0c3c89f3d7b1fecec35dd04571415982c5e48\windows-amd64

VM Arguments:
jvm_args: --add-modules=ALL-SYSTEM --add-opens=java.base/java.util=ALL-UNNAMED --add-opens=java.base/java.lang=ALL-UNNAMED --add-opens=java.base/sun.nio.fs=ALL-UNNAMED -Declipse.application=org.eclipse.jdt.ls.core.id1 -Dosgi.bundles.defaultStartLevel=4 -Declipse.product=org.eclipse.jdt.ls.core.product -Djava.import.generatesMetadataFilesAtProjectRoot=false -DDetectVMInstallationsJob.disabled=true -Dfile.encoding=utf8 -XX:+UseParallelGC -XX:GCTimeRatio=4 -XX:AdaptiveSizePolicyWeight=90 -Dsun.zip.disableMemoryMapping=true -Xmx2G -Xms100m -Xlog:disable -javaagent:c:\Users\FEBINB\.vscode\extensions\redhat.java-1.44.0-win32-x64\lombok\lombok-1.18.39-4050.jar -XX:+HeapDumpOnOutOfMemoryError -XX:HeapDumpPath=c:\Users\FEBINB\AppData\Roaming\Code\User\workspaceStorage\5a5270dfa1e7b43c66347a87301abacd\redhat.java -Daether.dependencyCollector.impl=bf 
java_command: c:\Users\FEBINB\.vscode\extensions\redhat.java-1.44.0-win32-x64\server\plugins\org.eclipse.equinox.launcher_1.7.0.v20250519-0528.jar -configuration c:\Users\FEBINB\AppData\Roaming\Code\User\globalStorage\redhat.java\1.44.0\config_win -data c:\Users\FEBINB\AppData\Roaming\Code\User\workspaceStorage\5a5270dfa1e7b43c66347a87301abacd\redhat.java\jdt_ws --pipe=\\.\pipe\lsp-5afb304ccdc36f888584319383093b23-sock
java_class_path (initial): c:\Users\FEBINB\.vscode\extensions\redhat.java-1.44.0-win32-x64\server\plugins\org.eclipse.equinox.launcher_1.7.0.v20250519-0528.jar
Launcher Type: SUN_STANDARD

[Global flags]
    uintx AdaptiveSizePolicyWeight                 = 90                                        {product} {command line}
     intx CICompilerCount                          = 3                                         {product} {ergonomic}
    uintx GCTimeRatio                              = 4                                         {product} {command line}
     bool HeapDumpOnOutOfMemoryError               = true                                   {manageable} {command line}
    ccstr HeapDumpPath                             = c:\Users\FEBINB\AppData\Roaming\Code\User\workspaceStorage\5a5270dfa1e7b43c66347a87301abacd\redhat.java         {manageable} {command line}
   size_t InitialHeapSize                          = 104857600                                 {product} {command line}
   size_t MaxHeapSize                              = 2147483648                                {product} {command line}
   size_t MaxNewSize                               = 715653120                                 {product} {ergonomic}
   size_t MinHeapDeltaBytes                        = 524288                                    {product} {ergonomic}
   size_t MinHeapSize                              = 104857600                                 {product} {command line}
   size_t NewSize                                  = 34603008                                  {product} {ergonomic}
    uintx NonNMethodCodeHeapSize                   = 5832780                                {pd product} {ergonomic}
    uintx NonProfiledCodeHeapSize                  = 122912730                              {pd product} {ergonomic}
   size_t OldSize                                  = 70254592                                  {product} {ergonomic}
    uintx ProfiledCodeHeapSize                     = 122912730                              {pd product} {ergonomic}
    uintx ReservedCodeCacheSize                    = 251658240                              {pd product} {ergonomic}
     bool SegmentedCodeCache                       = true                                      {product} {ergonomic}
   size_t SoftMaxHeapSize                          = 2147483648                             {manageable} {ergonomic}
     bool UseCompressedOops                        = true                           {product lp64_product} {ergonomic}
     bool UseLargePagesIndividualAllocation        = false                                  {pd product} {ergonomic}
     bool UseParallelGC                            = true                                      {product} {command line}

Logging:
Log output configuration:
 #0: stdout all=off uptime,level,tags foldmultilines=false
 #1: stderr all=off uptime,level,tags foldmultilines=false

Environment Variables:
JAVA_HOME=C:\Users\FEBINB\AppData\Local\Programs\Eclipse Adoptium\jdk-17.0.14.7-hotspot
PATH=C:\Windows\system32;C:\Windows;C:\Windows\System32\Wbem;C:\Windows\System32\WindowsPowerShell\v1.0\;C:\Windows\System32\OpenSSH\;C:\Users\FEBINB\AppData\Local\Packages\PythonSoftwareFoundation.Python.3.11_qbz5n2kfra8p0\LocalCache\local-packages\Python311\Scripts;C:\Program Files\nodejs\;C:\Program Files\Git\cmd;C:\Users\FEBINB\AppData\Local\Programs\Microsoft VS Code;C:\Users\FEBINB\AppData\Local\Android\Sdk\platform-tools;C:\Users\FEBINB\AppData\Local\Programs\Eclipse Adoptium\jdk-17.0.14.7-hotspot\bin;C:\Users\FEBINB\AppData\Local\Android\Sdk\platfrom-tools;C:\Users\FEBINB\AppData\Local\Programs\Python\Launcher\;C:\Users\FEBINB\AppData\Local\Programs\Eclipse Adoptium\jdk-17.0.14.7-hotspot\bin;C:\Program Files\Android\Android Studio\bin;C:\Users\FEBINB\AppData\Local\Programs\Microsoft VS Code\bin;C:\Users\FEBINB\AppData\Local\Programs\cursor\resources\app\bin;C:\Users\FEBINB\AppData\Local\Programs\Python\Python312;C:\Users\FEBINB\AppData\Local\Programs\Python\Python312\Scripts;
USERNAME=FEBINB
OS=Windows_NT
PROCESSOR_IDENTIFIER=AMD64 Family 25 Model 1 Stepping 1, AuthenticAMD
TMP=C:\Users\FEBINB\AppData\Local\Temp
TEMP=C:\Users\FEBINB\AppData\Local\Temp




Periodic native trim disabled

---------------  S Y S T E M  ---------------

OS:
 Windows 11 , 64 bit Build 26100 (10.0.26100.4768)
OS uptime: 17 days 17:07 hours
Hyper-V role detected

CPU: total 4 (initial active 4) (16 cores per cpu, 2 threads per core) family 25 model 1 stepping 1 microcode 0xffffffff, cx8, cmov, fxsr, ht, mmx, 3dnowpref, sse, sse2, sse3, ssse3, sse4a, sse4.1, sse4.2, popcnt, lzcnt, tsc, tscinvbit, avx, avx2, aes, erms, clmul, bmi1, bmi2, adx, sha, fma, vzeroupper, clflush, clflushopt, hv, rdtscp, rdpid, fsrm, f16c, cet_ss
Processor Information for the first 4 processors :
  Max Mhz: 2445, Current Mhz: 2445, Mhz Limit: 2445

Memory: 4k page, system-wide physical 16332M (716M free)
TotalPageFile size 32518M (AvailPageFile size 1M)
current process WorkingSet (physical memory assigned to process): 23M, peak: 1806M
current process commit charge ("private bytes"): 1227M, peak: 1706M

vm_info: OpenJDK 64-Bit Server VM (21.0.8+9-LTS) for windows-amd64 JRE (21.0.8+9-LTS), built on 2025-07-15T00:00:00Z by "admin" with MS VC++ 17.7 (VS2022)

END.
